0 info it worked if it ends with ok
1 verbose cli [ '/usr/bin/node', '/usr/bin/npm', 'i', '-g', 'pm2' ]
2 info using npm@3.5.2
3 info using node@v8.10.0
4 silly loadCurrentTree Starting
5 silly install loadCurrentTree
6 silly install readGlobalPackageData
7 silly fetchPackageMetaData pm2
8 silly fetchNamedPackageData pm2
9 silly mapToRegistry name pm2
10 silly mapToRegistry using default registry
11 silly mapToRegistry registry https://registry.npmjs.org/
12 silly mapToRegistry uri https://registry.npmjs.org/pm2
13 verbose request uri https://registry.npmjs.org/pm2
14 verbose request no auth needed
15 info attempt registry request try #1 at 5:26:42 PM
16 verbose request id 55b60972cae3b5f2
17 verbose etag W/"b21516a6a6670156e618c3cb27db443e"
18 verbose lastModified Mon, 04 Jul 2022 04:22:57 GMT
19 http request GET https://registry.npmjs.org/pm2
20 http 304 https://registry.npmjs.org/pm2
21 verbose headers { date: 'Sun, 10 Jul 2022 17:26:42 GMT',
21 verbose headers   connection: 'keep-alive',
21 verbose headers   'cf-ray': '728b0183794c97e2-SJC',
21 verbose headers   'cache-control': 'public, max-age=300',
21 verbose headers   etag: '"b21516a6a6670156e618c3cb27db443e"',
21 verbose headers   'last-modified': 'Mon, 04 Jul 2022 04:22:57 GMT',
21 verbose headers   vary: 'Accept-Encoding',
21 verbose headers   'cf-cache-status': 'REVALIDATED',
21 verbose headers   'expect-ct': 'max-age=604800, report-uri="https://report-uri.cloudflare.com/cdn-cgi/beacon/expect-ct"',
21 verbose headers   'x-amz-replication-status': 'COMPLETED',
21 verbose headers   server: 'cloudflare' }
22 silly get cb [ 304,
22 silly get   { date: 'Sun, 10 Jul 2022 17:26:42 GMT',
22 silly get     connection: 'keep-alive',
22 silly get     'cf-ray': '728b0183794c97e2-SJC',
22 silly get     'cache-control': 'public, max-age=300',
22 silly get     etag: '"b21516a6a6670156e618c3cb27db443e"',
22 silly get     'last-modified': 'Mon, 04 Jul 2022 04:22:57 GMT',
22 silly get     vary: 'Accept-Encoding',
22 silly get     'cf-cache-status': 'REVALIDATED',
22 silly get     'expect-ct': 'max-age=604800, report-uri="https://report-uri.cloudflare.com/cdn-cgi/beacon/expect-ct"',
22 silly get     'x-amz-replication-status': 'COMPLETED',
22 silly get     server: 'cloudflare' } ]
23 verbose etag https://registry.npmjs.org/pm2 from cache
24 verbose get saving pm2 to /home/zio/.npm/registry.npmjs.org/pm2/.cache.json
25 silly install normalizeTree
26 silly loadCurrentTree Finishing
27 silly loadIdealTree Starting
28 silly install loadIdealTree
29 silly cloneCurrentTree Starting
30 silly install cloneCurrentTreeToIdealTree
31 silly cloneCurrentTree Finishing
32 silly loadShrinkwrap Starting
33 silly install loadShrinkwrap
34 silly loadShrinkwrap Finishing
35 silly loadAllDepsIntoIdealTree Starting
36 silly install loadAllDepsIntoIdealTree
37 silly resolveWithNewModule pm2@5.2.0 checking installable status
38 silly cache add args [ 'pm2', null ]
39 verbose cache add spec pm2
40 silly cache add parsed spec Result {
40 silly cache add   raw: 'pm2',
40 silly cache add   scope: null,
40 silly cache add   name: 'pm2',
40 silly cache add   rawSpec: '',
40 silly cache add   spec: 'latest',
40 silly cache add   type: 'tag' }
41 silly addNamed pm2@latest
42 verbose addNamed "latest" is being treated as a dist-tag for pm2
43 info addNameTag [ 'pm2', 'latest' ]
44 silly mapToRegistry name pm2
45 silly mapToRegistry using default registry
46 silly mapToRegistry registry https://registry.npmjs.org/
47 silly mapToRegistry uri https://registry.npmjs.org/pm2
48 verbose addNameTag registry:https://registry.npmjs.org/pm2 not in flight; fetching
49 verbose get https://registry.npmjs.org/pm2 not expired, no request
50 silly addNameTag next cb for pm2 with tag latest
51 silly addNamed pm2@5.2.0
52 verbose addNamed "5.2.0" is a plain semver version for pm2
53 silly cache afterAdd pm2@5.2.0
54 verbose afterAdd /home/zio/.npm/pm2/5.2.0/package/package.json not in flight; writing
55 verbose afterAdd /home/zio/.npm/pm2/5.2.0/package/package.json written
56 silly fetchNamedPackageData @pm2/agent
57 silly mapToRegistry name @pm2/agent
58 silly mapToRegistry scope (from package name) @pm2
59 verbose mapToRegistry no registry URL found in name for scope @pm2
60 silly mapToRegistry using default registry
61 silly mapToRegistry registry https://registry.npmjs.org/
62 silly mapToRegistry uri https://registry.npmjs.org/@pm2%2fagent
63 silly fetchNamedPackageData @pm2/io
64 silly mapToRegistry name @pm2/io
65 silly mapToRegistry scope (from package name) @pm2
66 verbose mapToRegistry no registry URL found in name for scope @pm2
67 silly mapToRegistry using default registry
68 silly mapToRegistry registry https://registry.npmjs.org/
69 silly mapToRegistry uri https://registry.npmjs.org/@pm2%2fio
70 silly fetchNamedPackageData @pm2/js-api
71 silly mapToRegistry name @pm2/js-api
72 silly mapToRegistry scope (from package name) @pm2
73 verbose mapToRegistry no registry URL found in name for scope @pm2
74 silly mapToRegistry using default registry
75 silly mapToRegistry registry https://registry.npmjs.org/
76 silly mapToRegistry uri https://registry.npmjs.org/@pm2%2fjs-api
77 silly fetchNamedPackageData async
78 silly mapToRegistry name async
79 silly mapToRegistry using default registry
80 silly mapToRegistry registry https://registry.npmjs.org/
81 silly mapToRegistry uri https://registry.npmjs.org/async
82 silly fetchNamedPackageData blessed
83 silly mapToRegistry name blessed
84 silly mapToRegistry using default registry
85 silly mapToRegistry registry https://registry.npmjs.org/
86 silly mapToRegistry uri https://registry.npmjs.org/blessed
87 silly fetchNamedPackageData chalk
88 silly mapToRegistry name chalk
89 silly mapToRegistry using default registry
90 silly mapToRegistry registry https://registry.npmjs.org/
91 silly mapToRegistry uri https://registry.npmjs.org/chalk
92 silly fetchNamedPackageData chokidar
93 silly mapToRegistry name chokidar
94 silly mapToRegistry using default registry
95 silly mapToRegistry registry https://registry.npmjs.org/
96 silly mapToRegistry uri https://registry.npmjs.org/chokidar
97 silly fetchNamedPackageData cli-tableau
98 silly mapToRegistry name cli-tableau
99 silly mapToRegistry using default registry
100 silly mapToRegistry registry https://registry.npmjs.org/
101 silly mapToRegistry uri https://registry.npmjs.org/cli-tableau
102 silly fetchNamedPackageData commander
103 silly mapToRegistry name commander
104 silly mapToRegistry using default registry
105 silly mapToRegistry registry https://registry.npmjs.org/
106 silly mapToRegistry uri https://registry.npmjs.org/commander
107 silly fetchNamedPackageData croner
108 silly mapToRegistry name croner
109 silly mapToRegistry using default registry
110 silly mapToRegistry registry https://registry.npmjs.org/
111 silly mapToRegistry uri https://registry.npmjs.org/croner
112 silly fetchNamedPackageData dayjs
113 silly mapToRegistry name dayjs
114 silly mapToRegistry using default registry
115 silly mapToRegistry registry https://registry.npmjs.org/
116 silly mapToRegistry uri https://registry.npmjs.org/dayjs
117 silly fetchNamedPackageData debug
118 silly mapToRegistry name debug
119 silly mapToRegistry using default registry
120 silly mapToRegistry registry https://registry.npmjs.org/
121 silly mapToRegistry uri https://registry.npmjs.org/debug
122 silly fetchNamedPackageData enquirer
123 silly mapToRegistry name enquirer
124 silly mapToRegistry using default registry
125 silly mapToRegistry registry https://registry.npmjs.org/
126 silly mapToRegistry uri https://registry.npmjs.org/enquirer
127 silly fetchNamedPackageData eventemitter2
128 silly mapToRegistry name eventemitter2
129 silly mapToRegistry using default registry
130 silly mapToRegistry registry https://registry.npmjs.org/
131 silly mapToRegistry uri https://registry.npmjs.org/eventemitter2
132 silly fetchNamedPackageData sprintf-js
133 silly mapToRegistry name sprintf-js
134 silly mapToRegistry using default registry
135 silly mapToRegistry registry https://registry.npmjs.org/
136 silly mapToRegistry uri https://registry.npmjs.org/sprintf-js
137 silly fetchNamedPackageData fclone
138 silly mapToRegistry name fclone
139 silly mapToRegistry using default registry
140 silly mapToRegistry registry https://registry.npmjs.org/
141 silly mapToRegistry uri https://registry.npmjs.org/fclone
142 silly fetchNamedPackageData mkdirp
143 silly mapToRegistry name mkdirp
144 silly mapToRegistry using default registry
145 silly mapToRegistry registry https://registry.npmjs.org/
146 silly mapToRegistry uri https://registry.npmjs.org/mkdirp
147 silly fetchNamedPackageData needle
148 silly mapToRegistry name needle
149 silly mapToRegistry using default registry
150 silly mapToRegistry registry https://registry.npmjs.org/
151 silly mapToRegistry uri https://registry.npmjs.org/needle
152 silly fetchNamedPackageData pidusage
153 silly mapToRegistry name pidusage
154 silly mapToRegistry using default registry
155 silly mapToRegistry registry https://registry.npmjs.org/
156 silly mapToRegistry uri https://registry.npmjs.org/pidusage
157 silly fetchNamedPackageData pm2-axon
158 silly mapToRegistry name pm2-axon
159 silly mapToRegistry using default registry
160 silly mapToRegistry registry https://registry.npmjs.org/
161 silly mapToRegistry uri https://registry.npmjs.org/pm2-axon
162 silly fetchNamedPackageData pm2-axon-rpc
163 silly mapToRegistry name pm2-axon-rpc
164 silly mapToRegistry using default registry
165 silly mapToRegistry registry https://registry.npmjs.org/
166 silly mapToRegistry uri https://registry.npmjs.org/pm2-axon-rpc
167 silly fetchNamedPackageData pm2-deploy
168 silly mapToRegistry name pm2-deploy
169 silly mapToRegistry using default registry
170 silly mapToRegistry registry https://registry.npmjs.org/
171 silly mapToRegistry uri https://registry.npmjs.org/pm2-deploy
172 silly fetchNamedPackageData pm2-multimeter
173 silly mapToRegistry name pm2-multimeter
174 silly mapToRegistry using default registry
175 silly mapToRegistry registry https://registry.npmjs.org/
176 silly mapToRegistry uri https://registry.npmjs.org/pm2-multimeter
177 silly fetchNamedPackageData promptly
178 silly mapToRegistry name promptly
179 silly mapToRegistry using default registry
180 silly mapToRegistry registry https://registry.npmjs.org/
181 silly mapToRegistry uri https://registry.npmjs.org/promptly
182 silly fetchNamedPackageData semver
183 silly mapToRegistry name semver
184 silly mapToRegistry using default registry
185 silly mapToRegistry registry https://registry.npmjs.org/
186 silly mapToRegistry uri https://registry.npmjs.org/semver
187 silly fetchNamedPackageData source-map-support
188 silly mapToRegistry name source-map-support
189 silly mapToRegistry using default registry
190 silly mapToRegistry registry https://registry.npmjs.org/
191 silly mapToRegistry uri https://registry.npmjs.org/source-map-support
192 silly fetchNamedPackageData vizion
193 silly mapToRegistry name vizion
194 silly mapToRegistry using default registry
195 silly mapToRegistry registry https://registry.npmjs.org/
196 silly mapToRegistry uri https://registry.npmjs.org/vizion
197 silly fetchNamedPackageData yamljs
198 silly mapToRegistry name yamljs
199 silly mapToRegistry using default registry
200 silly mapToRegistry registry https://registry.npmjs.org/
201 silly mapToRegistry uri https://registry.npmjs.org/yamljs
202 silly fetchNamedPackageData pm2-sysmonit
203 silly mapToRegistry name pm2-sysmonit
204 silly mapToRegistry using default registry
205 silly mapToRegistry registry https://registry.npmjs.org/
206 silly mapToRegistry uri https://registry.npmjs.org/pm2-sysmonit
207 silly fetchNamedPackageData @pm2/pm2-version-check
208 silly mapToRegistry name @pm2/pm2-version-check
209 silly mapToRegistry scope (from package name) @pm2
210 verbose mapToRegistry no registry URL found in name for scope @pm2
211 silly mapToRegistry using default registry
212 silly mapToRegistry registry https://registry.npmjs.org/
213 silly mapToRegistry uri https://registry.npmjs.org/@pm2%2fpm2-version-check
214 verbose request uri https://registry.npmjs.org/@pm2%2fagent
215 verbose request no auth needed
216 info attempt registry request try #1 at 5:26:42 PM
217 verbose etag W/"8876dbb5716170e760d1d43d841710d8"
218 verbose lastModified Sun, 12 Jun 2022 22:42:10 GMT
219 http request GET https://registry.npmjs.org/@pm2%2fagent
220 verbose request uri https://registry.npmjs.org/@pm2%2fio
221 verbose request no auth needed
222 info attempt registry request try #1 at 5:26:42 PM
223 verbose etag W/"0141ec753c79af0ba33955ad07ccdeee"
224 verbose lastModified Wed, 06 Apr 2022 15:29:38 GMT
225 http request GET https://registry.npmjs.org/@pm2%2fio
226 verbose request uri https://registry.npmjs.org/@pm2%2fjs-api
227 verbose request no auth needed
228 info attempt registry request try #1 at 5:26:42 PM
229 verbose etag W/"a09c5124977bcd6205774df1a308be98"
230 verbose lastModified Sun, 12 Jun 2022 22:42:11 GMT
231 http request GET https://registry.npmjs.org/@pm2%2fjs-api
232 verbose request uri https://registry.npmjs.org/async
233 verbose request no auth needed
234 info attempt registry request try #1 at 5:26:42 PM
235 verbose etag W/"4ab7dfb1cde667faecf56bdca5fc1747"
236 verbose lastModified Fri, 08 Jul 2022 11:42:15 GMT
237 http request GET https://registry.npmjs.org/async
238 verbose request uri https://registry.npmjs.org/blessed
239 verbose request no auth needed
240 info attempt registry request try #1 at 5:26:42 PM
241 verbose etag W/"dc3c1794b9341f75b1755c39bfea3125"
242 verbose lastModified Mon, 13 Jun 2022 04:47:09 GMT
243 http request GET https://registry.npmjs.org/blessed
244 verbose request uri https://registry.npmjs.org/chalk
245 verbose request no auth needed
246 info attempt registry request try #1 at 5:26:42 PM
247 verbose etag W/"dfa4718014277a8cd0ec2d6e47dda741"
248 verbose lastModified Wed, 22 Jun 2022 20:22:16 GMT
249 http request GET https://registry.npmjs.org/chalk
250 verbose request uri https://registry.npmjs.org/chokidar
251 verbose request no auth needed
252 info attempt registry request try #1 at 5:26:42 PM
253 verbose etag W/"860e59ebd3765f448cc1908756dda159"
254 verbose lastModified Mon, 13 Jun 2022 05:59:18 GMT
255 http request GET https://registry.npmjs.org/chokidar
256 verbose request uri https://registry.npmjs.org/cli-tableau
257 verbose request no auth needed
258 info attempt registry request try #1 at 5:26:42 PM
259 verbose etag W/"1351355856f024a62c9b825f02b3ab53"
260 verbose lastModified Tue, 12 Apr 2022 06:41:27 GMT
261 http request GET https://registry.npmjs.org/cli-tableau
262 verbose request uri https://registry.npmjs.org/commander
263 verbose request no auth needed
264 info attempt registry request try #1 at 5:26:42 PM
265 verbose etag W/"69f43123734166ff6f8b02f31a6e20af"
266 verbose lastModified Mon, 13 Jun 2022 06:34:59 GMT
267 http request GET https://registry.npmjs.org/commander
268 verbose request uri https://registry.npmjs.org/croner
269 verbose request no auth needed
270 info attempt registry request try #1 at 5:26:42 PM
271 verbose etag W/"eff4490167fa954ea058d3faf38af1fc"
272 verbose lastModified Sat, 09 Jul 2022 18:51:39 GMT
273 http request GET https://registry.npmjs.org/croner
274 verbose request uri https://registry.npmjs.org/dayjs
275 verbose request no auth needed
276 info attempt registry request try #1 at 5:26:42 PM
277 verbose etag W/"80e5e57d334a2d986a824645059b4e07"
278 verbose lastModified Tue, 14 Jun 2022 20:41:50 GMT
279 http request GET https://registry.npmjs.org/dayjs
280 verbose request uri https://registry.npmjs.org/debug
281 verbose request no auth needed
282 info attempt registry request try #1 at 5:26:42 PM
283 verbose etag W/"51cb553b0a64919159b0fd5267475bd7"
284 verbose lastModified Tue, 14 Jun 2022 22:05:16 GMT
285 http request GET https://registry.npmjs.org/debug
286 verbose request uri https://registry.npmjs.org/enquirer
287 verbose request no auth needed
288 info attempt registry request try #1 at 5:26:42 PM
289 verbose etag W/"a7b45326270f0545bc6d5c1960fd2da5"
290 verbose lastModified Fri, 17 Jun 2022 05:52:25 GMT
291 http request GET https://registry.npmjs.org/enquirer
292 verbose request uri https://registry.npmjs.org/eventemitter2
293 verbose request no auth needed
294 info attempt registry request try #1 at 5:26:42 PM
295 verbose etag W/"c9d753e4efbc41c71f7b087588484c09"
296 verbose lastModified Thu, 30 Jun 2022 02:24:26 GMT
297 http request GET https://registry.npmjs.org/eventemitter2
298 verbose request uri https://registry.npmjs.org/sprintf-js
299 verbose request no auth needed
300 info attempt registry request try #1 at 5:26:42 PM
301 verbose etag W/"e1c68af3543696284ea378dd119f8876"
302 verbose lastModified Sun, 26 Jun 2022 23:08:13 GMT
303 http request GET https://registry.npmjs.org/sprintf-js
304 verbose request uri https://registry.npmjs.org/fclone
305 verbose request no auth needed
306 info attempt registry request try #1 at 5:26:42 PM
307 verbose etag W/"89d137ce8619537f634e13c64d66d4fc"
308 verbose lastModified Fri, 17 Jun 2022 23:50:42 GMT
309 http request GET https://registry.npmjs.org/fclone
310 verbose request uri https://registry.npmjs.org/mkdirp
311 verbose request no auth needed
312 info attempt registry request try #1 at 5:26:42 PM
313 verbose etag W/"decc505d0f52c4696b2cbbd2c4f680c5"
314 verbose lastModified Sun, 19 Jun 2022 23:29:14 GMT
315 http request GET https://registry.npmjs.org/mkdirp
316 verbose request uri https://registry.npmjs.org/needle
317 verbose request no auth needed
318 info attempt registry request try #1 at 5:26:42 PM
319 verbose etag W/"c98ed98251d590ba373342d21d574863"
320 verbose lastModified Mon, 20 Jun 2022 23:42:01 GMT
321 http request GET https://registry.npmjs.org/needle
322 verbose request uri https://registry.npmjs.org/pidusage
323 verbose request no auth needed
324 info attempt registry request try #1 at 5:26:42 PM
325 verbose etag W/"6faed35f7e7434307699345ea2525c02"
326 verbose lastModified Thu, 23 Jun 2022 22:56:11 GMT
327 http request GET https://registry.npmjs.org/pidusage
328 verbose request uri https://registry.npmjs.org/pm2-axon
329 verbose request no auth needed
330 info attempt registry request try #1 at 5:26:42 PM
331 verbose etag W/"bbdd8c9f59540a9c594e4bcecd92f1e8"
332 verbose lastModified Fri, 24 Jun 2022 04:46:24 GMT
333 http request GET https://registry.npmjs.org/pm2-axon
334 verbose request uri https://registry.npmjs.org/pm2-axon-rpc
335 verbose request no auth needed
336 info attempt registry request try #1 at 5:26:42 PM
337 verbose etag W/"4585e45f4f4c52344fa2abb9c8ca217d"
338 verbose lastModified Fri, 24 Jun 2022 04:46:36 GMT
339 http request GET https://registry.npmjs.org/pm2-axon-rpc
340 verbose request uri https://registry.npmjs.org/pm2-deploy
341 verbose request no auth needed
342 info attempt registry request try #1 at 5:26:42 PM
343 verbose etag W/"4b685da6b54398c4ba045c2905628726"
344 verbose lastModified Fri, 24 Jun 2022 04:48:00 GMT
345 http request GET https://registry.npmjs.org/pm2-deploy
346 verbose request uri https://registry.npmjs.org/pm2-multimeter
347 verbose request no auth needed
348 info attempt registry request try #1 at 5:26:42 PM
349 verbose etag W/"d1a3710ebb4dee704ed98fb39eb56415"
350 verbose lastModified Fri, 24 Jun 2022 04:52:36 GMT
351 http request GET https://registry.npmjs.org/pm2-multimeter
352 verbose request uri https://registry.npmjs.org/promptly
353 verbose request no auth needed
354 info attempt registry request try #1 at 5:26:42 PM
355 verbose etag W/"b1a66f176b51e27e2f657c19b9690716"
356 verbose lastModified Fri, 24 Jun 2022 19:56:46 GMT
357 http request GET https://registry.npmjs.org/promptly
358 verbose request uri https://registry.npmjs.org/semver
359 verbose request no auth needed
360 info attempt registry request try #1 at 5:26:42 PM
361 verbose etag W/"7352ce9b279b6ff8347494b22dce7a65"
362 verbose lastModified Sun, 26 Jun 2022 17:32:53 GMT
363 http request GET https://registry.npmjs.org/semver
364 verbose request uri https://registry.npmjs.org/source-map-support
365 verbose request no auth needed
366 info attempt registry request try #1 at 5:26:42 PM
367 verbose etag W/"6970a88035be23dffc972e6be944456a"
368 verbose lastModified Sun, 26 Jun 2022 22:22:58 GMT
369 http request GET https://registry.npmjs.org/source-map-support
370 verbose request uri https://registry.npmjs.org/vizion
371 verbose request no auth needed
372 info attempt registry request try #1 at 5:26:42 PM
373 verbose etag W/"0d38e6118baa8d72e15ec186c0c7ee95"
374 verbose lastModified Tue, 28 Jun 2022 17:56:57 GMT
375 http request GET https://registry.npmjs.org/vizion
376 verbose request uri https://registry.npmjs.org/yamljs
377 verbose request no auth needed
378 info attempt registry request try #1 at 5:26:42 PM
379 verbose etag W/"a83258708a535655e2ece79635b2d293"
380 verbose lastModified Wed, 29 Jun 2022 06:50:15 GMT
381 http request GET https://registry.npmjs.org/yamljs
382 verbose request uri https://registry.npmjs.org/pm2-sysmonit
383 verbose request no auth needed
384 info attempt registry request try #1 at 5:26:42 PM
385 verbose etag W/"a40251b50cf25bf8fe753a9299008311"
386 verbose lastModified Fri, 13 May 2022 03:04:53 GMT
387 http request GET https://registry.npmjs.org/pm2-sysmonit
388 verbose request uri https://registry.npmjs.org/@pm2%2fpm2-version-check
389 verbose request no auth needed
390 info attempt registry request try #1 at 5:26:43 PM
391 verbose etag W/"78d74182389b6c5a44f4aa14bb8c9e7d"
392 verbose lastModified Wed, 06 Apr 2022 15:29:40 GMT
393 http request GET https://registry.npmjs.org/@pm2%2fpm2-version-check
394 http 304 https://registry.npmjs.org/pm2-axon
395 verbose headers { date: 'Sun, 10 Jul 2022 17:26:43 GMT',
395 verbose headers   connection: 'keep-alive',
395 verbose headers   'cf-ray': '728b0186efdc9464-SJC',
395 verbose headers   age: '137',
395 verbose headers   'cache-control': 'public, max-age=300',
395 verbose headers   etag: '"bbdd8c9f59540a9c594e4bcecd92f1e8"',
395 verbose headers   'last-modified': 'Fri, 24 Jun 2022 04:46:24 GMT',
395 verbose headers   vary: 'Accept-Encoding',
395 verbose headers   'cf-cache-status': 'HIT',
395 verbose headers   'expect-ct': 'max-age=604800, report-uri="https://report-uri.cloudflare.com/cdn-cgi/beacon/expect-ct"',
395 verbose headers   'x-amz-replication-status': 'COMPLETED',
395 verbose headers   server: 'cloudflare' }
396 silly get cb [ 304,
396 silly get   { date: 'Sun, 10 Jul 2022 17:26:43 GMT',
396 silly get     connection: 'keep-alive',
396 silly get     'cf-ray': '728b0186efdc9464-SJC',
396 silly get     age: '137',
396 silly get     'cache-control': 'public, max-age=300',
396 silly get     etag: '"bbdd8c9f59540a9c594e4bcecd92f1e8"',
396 silly get     'last-modified': 'Fri, 24 Jun 2022 04:46:24 GMT',
396 silly get     vary: 'Accept-Encoding',
396 silly get     'cf-cache-status': 'HIT',
396 silly get     'expect-ct': 'max-age=604800, report-uri="https://report-uri.cloudflare.com/cdn-cgi/beacon/expect-ct"',
396 silly get     'x-amz-replication-status': 'COMPLETED',
396 silly get     server: 'cloudflare' } ]
397 verbose etag https://registry.npmjs.org/pm2-axon from cache
398 verbose get saving pm2-axon to /home/zio/.npm/registry.npmjs.org/pm2-axon/.cache.json
399 silly resolveWithNewModule pm2-axon@4.0.1 checking installable status
400 silly cache add args [ 'pm2-axon@~4.0.1', null ]
401 verbose cache add spec pm2-axon@~4.0.1
402 silly cache add parsed spec Result {
402 silly cache add   raw: 'pm2-axon@~4.0.1',
402 silly cache add   scope: null,
402 silly cache add   name: 'pm2-axon',
402 silly cache add   rawSpec: '~4.0.1',
402 silly cache add   spec: '>=4.0.1 <4.1.0',
402 silly cache add   type: 'range' }
403 silly addNamed pm2-axon@>=4.0.1 <4.1.0
404 verbose addNamed ">=4.0.1 <4.1.0" is a valid semver range for pm2-axon
405 silly addNameRange { name: 'pm2-axon', range: '>=4.0.1 <4.1.0', hasData: false }
406 silly mapToRegistry name pm2-axon
407 silly mapToRegistry using default registry
408 silly mapToRegistry registry https://registry.npmjs.org/
409 silly mapToRegistry uri https://registry.npmjs.org/pm2-axon
410 verbose addNameRange registry:https://registry.npmjs.org/pm2-axon not in flight; fetching
411 http 304 https://registry.npmjs.org/chokidar
412 verbose headers { date: 'Sun, 10 Jul 2022 17:26:43 GMT',
412 verbose headers   connection: 'keep-alive',
412 verbose headers   'cf-ray': '728b0186ea5297e5-SJC',
412 verbose headers   age: '17',
412 verbose headers   'cache-control': 'public, max-age=300',
412 verbose headers   etag: '"860e59ebd3765f448cc1908756dda159"',
412 verbose headers   'last-modified': 'Mon, 13 Jun 2022 05:59:18 GMT',
412 verbose headers   vary: 'Accept-Encoding',
412 verbose headers   'cf-cache-status': 'HIT',
412 verbose headers   'expect-ct': 'max-age=604800, report-uri="https://report-uri.cloudflare.com/cdn-cgi/beacon/expect-ct"',
412 verbose headers   'x-amz-replication-status': 'COMPLETED',
412 verbose headers   server: 'cloudflare' }
413 silly get cb [ 304,
413 silly get   { date: 'Sun, 10 Jul 2022 17:26:43 GMT',
413 silly get     connection: 'keep-alive',
413 silly get     'cf-ray': '728b0186ea5297e5-SJC',
413 silly get     age: '17',
413 silly get     'cache-control': 'public, max-age=300',
413 silly get     etag: '"860e59ebd3765f448cc1908756dda159"',
413 silly get     'last-modified': 'Mon, 13 Jun 2022 05:59:18 GMT',
413 silly get     vary: 'Accept-Encoding',
413 silly get     'cf-cache-status': 'HIT',
413 silly get     'expect-ct': 'max-age=604800, report-uri="https://report-uri.cloudflare.com/cdn-cgi/beacon/expect-ct"',
413 silly get     'x-amz-replication-status': 'COMPLETED',
413 silly get     server: 'cloudflare' } ]
414 verbose etag https://registry.npmjs.org/chokidar from cache
415 verbose get saving chokidar to /home/zio/.npm/registry.npmjs.org/chokidar/.cache.json
416 http 304 https://registry.npmjs.org/semver
417 verbose headers { date: 'Sun, 10 Jul 2022 17:26:43 GMT',
417 verbose headers   connection: 'keep-alive',
417 verbose headers   'cf-ray': '728b0186eb496444-SJC',
417 verbose headers   age: '23',
417 verbose headers   'cache-control': 'public, max-age=300',
417 verbose headers   etag: '"7352ce9b279b6ff8347494b22dce7a65"',
417 verbose headers   'last-modified': 'Sun, 26 Jun 2022 17:32:53 GMT',
417 verbose headers   vary: 'Accept-Encoding',
417 verbose headers   'cf-cache-status': 'HIT',
417 verbose headers   'expect-ct': 'max-age=604800, report-uri="https://report-uri.cloudflare.com/cdn-cgi/beacon/expect-ct"',
417 verbose headers   'x-amz-replication-status': 'COMPLETED',
417 verbose headers   server: 'cloudflare' }
418 silly get cb [ 304,
418 silly get   { date: 'Sun, 10 Jul 2022 17:26:43 GMT',
418 silly get     connection: 'keep-alive',
418 silly get     'cf-ray': '728b0186eb496444-SJC',
418 silly get     age: '23',
418 silly get     'cache-control': 'public, max-age=300',
418 silly get     etag: '"7352ce9b279b6ff8347494b22dce7a65"',
418 silly get     'last-modified': 'Sun, 26 Jun 2022 17:32:53 GMT',
418 silly get     vary: 'Accept-Encoding',
418 silly get     'cf-cache-status': 'HIT',
418 silly get     'expect-ct': 'max-age=604800, report-uri="https://report-uri.cloudflare.com/cdn-cgi/beacon/expect-ct"',
418 silly get     'x-amz-replication-status': 'COMPLETED',
418 silly get     server: 'cloudflare' } ]
419 verbose etag https://registry.npmjs.org/semver from cache
420 verbose get saving semver to /home/zio/.npm/registry.npmjs.org/semver/.cache.json
421 http 304 https://registry.npmjs.org/enquirer
422 verbose headers { date: 'Sun, 10 Jul 2022 17:26:43 GMT',
422 verbose headers   connection: 'keep-alive',
422 verbose headers   'cf-ray': '728b0186ee9d97f9-SJC',
422 verbose headers   age: '252',
422 verbose headers   'cache-control': 'public, max-age=300',
422 verbose headers   etag: '"a7b45326270f0545bc6d5c1960fd2da5"',
422 verbose headers   'last-modified': 'Fri, 17 Jun 2022 05:52:25 GMT',
422 verbose headers   vary: 'Accept-Encoding',
422 verbose headers   'cf-cache-status': 'HIT',
422 verbose headers   'expect-ct': 'max-age=604800, report-uri="https://report-uri.cloudflare.com/cdn-cgi/beacon/expect-ct"',
422 verbose headers   'x-amz-replication-status': 'COMPLETED',
422 verbose headers   server: 'cloudflare' }
423 silly get cb [ 304,
423 silly get   { date: 'Sun, 10 Jul 2022 17:26:43 GMT',
423 silly get     connection: 'keep-alive',
423 silly get     'cf-ray': '728b0186ee9d97f9-SJC',
423 silly get     age: '252',
423 silly get     'cache-control': 'public, max-age=300',
423 silly get     etag: '"a7b45326270f0545bc6d5c1960fd2da5"',
423 silly get     'last-modified': 'Fri, 17 Jun 2022 05:52:25 GMT',
423 silly get     vary: 'Accept-Encoding',
423 silly get     'cf-cache-status': 'HIT',
423 silly get     'expect-ct': 'max-age=604800, report-uri="https://report-uri.cloudflare.com/cdn-cgi/beacon/expect-ct"',
423 silly get     'x-amz-replication-status': 'COMPLETED',
423 silly get     server: 'cloudflare' } ]
424 verbose etag https://registry.npmjs.org/enquirer from cache
425 verbose get saving enquirer to /home/zio/.npm/registry.npmjs.org/enquirer/.cache.json
426 http 304 https://registry.npmjs.org/debug
427 verbose headers { date: 'Sun, 10 Jul 2022 17:26:43 GMT',
427 verbose headers   connection: 'keep-alive',
427 verbose headers   'cf-ray': '728b0186ef17984e-SJC',
427 verbose headers   age: '74',
427 verbose headers   'cache-control': 'public, max-age=300',
427 verbose headers   etag: '"51cb553b0a64919159b0fd5267475bd7"',
427 verbose headers   'last-modified': 'Tue, 14 Jun 2022 22:05:16 GMT',
427 verbose headers   vary: 'Accept-Encoding',
427 verbose headers   'cf-cache-status': 'HIT',
427 verbose headers   'expect-ct': 'max-age=604800, report-uri="https://report-uri.cloudflare.com/cdn-cgi/beacon/expect-ct"',
427 verbose headers   'x-amz-replication-status': 'PENDING',
427 verbose headers   server: 'cloudflare' }
428 silly get cb [ 304,
428 silly get   { date: 'Sun, 10 Jul 2022 17:26:43 GMT',
428 silly get     connection: 'keep-alive',
428 silly get     'cf-ray': '728b0186ef17984e-SJC',
428 silly get     age: '74',
428 silly get     'cache-control': 'public, max-age=300',
428 silly get     etag: '"51cb553b0a64919159b0fd5267475bd7"',
428 silly get     'last-modified': 'Tue, 14 Jun 2022 22:05:16 GMT',
428 silly get     vary: 'Accept-Encoding',
428 silly get     'cf-cache-status': 'HIT',
428 silly get     'expect-ct': 'max-age=604800, report-uri="https://report-uri.cloudflare.com/cdn-cgi/beacon/expect-ct"',
428 silly get     'x-amz-replication-status': 'PENDING',
428 silly get     server: 'cloudflare' } ]
429 verbose etag https://registry.npmjs.org/debug from cache
430 verbose get saving debug to /home/zio/.npm/registry.npmjs.org/debug/.cache.json
431 http 304 https://registry.npmjs.org/sprintf-js
432 verbose headers { date: 'Sun, 10 Jul 2022 17:26:43 GMT',
432 verbose headers   connection: 'keep-alive',
432 verbose headers   'cf-ray': '728b0186e98196f5-SJC',
432 verbose headers   age: '267',
432 verbose headers   'cache-control': 'public, max-age=300',
432 verbose headers   etag: '"e1c68af3543696284ea378dd119f8876"',
432 verbose headers   'last-modified': 'Sun, 26 Jun 2022 23:08:13 GMT',
432 verbose headers   vary: 'Accept-Encoding',
432 verbose headers   'cf-cache-status': 'HIT',
432 verbose headers   'expect-ct': 'max-age=604800, report-uri="https://report-uri.cloudflare.com/cdn-cgi/beacon/expect-ct"',
432 verbose headers   'x-amz-replication-status': 'COMPLETED',
432 verbose headers   server: 'cloudflare' }
433 silly get cb [ 304,
433 silly get   { date: 'Sun, 10 Jul 2022 17:26:43 GMT',
433 silly get     connection: 'keep-alive',
433 silly get     'cf-ray': '728b0186e98196f5-SJC',
433 silly get     age: '267',
433 silly get     'cache-control': 'public, max-age=300',
433 silly get     etag: '"e1c68af3543696284ea378dd119f8876"',
433 silly get     'last-modified': 'Sun, 26 Jun 2022 23:08:13 GMT',
433 silly get     vary: 'Accept-Encoding',
433 silly get     'cf-cache-status': 'HIT',
433 silly get     'expect-ct': 'max-age=604800, report-uri="https://report-uri.cloudflare.com/cdn-cgi/beacon/expect-ct"',
433 silly get     'x-amz-replication-status': 'COMPLETED',
433 silly get     server: 'cloudflare' } ]
434 verbose etag https://registry.npmjs.org/sprintf-js from cache
435 verbose get saving sprintf-js to /home/zio/.npm/registry.npmjs.org/sprintf-js/.cache.json
436 verbose get https://registry.npmjs.org/pm2-axon not expired, no request
437 silly addNameRange number 2 { name: 'pm2-axon', range: '>=4.0.1 <4.1.0', hasData: true }
438 silly addNameRange versions [ 'pm2-axon',
438 silly addNameRange   [ '2.0.0',
438 silly addNameRange     '2.0.1',
438 silly addNameRange     '2.0.2',
438 silly addNameRange     '2.0.3',
438 silly addNameRange     '2.0.4',
438 silly addNameRange     '2.0.5',
438 silly addNameRange     '2.0.6',
438 silly addNameRange     '2.0.7',
438 silly addNameRange     '2.0.8',
438 silly addNameRange     '2.0.9',
438 silly addNameRange     '2.0.10',
438 silly addNameRange     '2.0.11',
438 silly addNameRange     '3.0.1',
438 silly addNameRange     '3.0.2',
438 silly addNameRange     '3.0.3',
438 silly addNameRange     '3.1.0',
438 silly addNameRange     '3.2.0',
438 silly addNameRange     '3.3.0',
438 silly addNameRange     '4.0.0',
438 silly addNameRange     '4.0.1' ] ]
439 silly addNamed pm2-axon@4.0.1
440 verbose addNamed "4.0.1" is a plain semver version for pm2-axon
441 http 304 https://registry.npmjs.org/async
442 verbose headers { date: 'Sun, 10 Jul 2022 17:26:43 GMT',
442 verbose headers   connection: 'keep-alive',
442 verbose headers   'cf-ray': '728b0186ec1c2524-SJC',
442 verbose headers   age: '197',
442 verbose headers   'cache-control': 'public, max-age=300',
442 verbose headers   etag: '"4ab7dfb1cde667faecf56bdca5fc1747"',
442 verbose headers   'last-modified': 'Fri, 08 Jul 2022 11:42:15 GMT',
442 verbose headers   vary: 'Accept-Encoding',
442 verbose headers   'cf-cache-status': 'HIT',
442 verbose headers   'expect-ct': 'max-age=604800, report-uri="https://report-uri.cloudflare.com/cdn-cgi/beacon/expect-ct"',
442 verbose headers   'x-amz-replication-status': 'PENDING',
442 verbose headers   server: 'cloudflare' }
443 silly get cb [ 304,
443 silly get   { date: 'Sun, 10 Jul 2022 17:26:43 GMT',
443 silly get     connection: 'keep-alive',
443 silly get     'cf-ray': '728b0186ec1c2524-SJC',
443 silly get     age: '197',
443 silly get     'cache-control': 'public, max-age=300',
443 silly get     etag: '"4ab7dfb1cde667faecf56bdca5fc1747"',
443 silly get     'last-modified': 'Fri, 08 Jul 2022 11:42:15 GMT',
443 silly get     vary: 'Accept-Encoding',
443 silly get     'cf-cache-status': 'HIT',
443 silly get     'expect-ct': 'max-age=604800, report-uri="https://report-uri.cloudflare.com/cdn-cgi/beacon/expect-ct"',
443 silly get     'x-amz-replication-status': 'PENDING',
443 silly get     server: 'cloudflare' } ]
444 verbose etag https://registry.npmjs.org/async from cache
445 verbose get saving async to /home/zio/.npm/registry.npmjs.org/async/.cache.json
446 http 304 https://registry.npmjs.org/commander
447 verbose headers { date: 'Sun, 10 Jul 2022 17:26:43 GMT',
447 verbose headers   connection: 'keep-alive',
447 verbose headers   'cf-ray': '728b0186eaf96453-SJC',
447 verbose headers   age: '9',
447 verbose headers   'cache-control': 'public, max-age=300',
447 verbose headers   etag: '"69f43123734166ff6f8b02f31a6e20af"',
447 verbose headers   'last-modified': 'Mon, 13 Jun 2022 06:34:59 GMT',
447 verbose headers   vary: 'Accept-Encoding',
447 verbose headers   'cf-cache-status': 'HIT',
447 verbose headers   'expect-ct': 'max-age=604800, report-uri="https://report-uri.cloudflare.com/cdn-cgi/beacon/expect-ct"',
447 verbose headers   'x-amz-replication-status': 'PENDING',
447 verbose headers   server: 'cloudflare' }
448 silly get cb [ 304,
448 silly get   { date: 'Sun, 10 Jul 2022 17:26:43 GMT',
448 silly get     connection: 'keep-alive',
448 silly get     'cf-ray': '728b0186eaf96453-SJC',
448 silly get     age: '9',
448 silly get     'cache-control': 'public, max-age=300',
448 silly get     etag: '"69f43123734166ff6f8b02f31a6e20af"',
448 silly get     'last-modified': 'Mon, 13 Jun 2022 06:34:59 GMT',
448 silly get     vary: 'Accept-Encoding',
448 silly get     'cf-cache-status': 'HIT',
448 silly get     'expect-ct': 'max-age=604800, report-uri="https://report-uri.cloudflare.com/cdn-cgi/beacon/expect-ct"',
448 silly get     'x-amz-replication-status': 'PENDING',
448 silly get     server: 'cloudflare' } ]
449 verbose etag https://registry.npmjs.org/commander from cache
450 verbose get saving commander to /home/zio/.npm/registry.npmjs.org/commander/.cache.json
451 http 304 https://registry.npmjs.org/pidusage
452 verbose headers { date: 'Sun, 10 Jul 2022 17:26:43 GMT',
452 verbose headers   connection: 'keep-alive',
452 verbose headers   'cf-ray': '728b0186e8ea2542-SJC',
452 verbose headers   'cache-control': 'public, max-age=300',
452 verbose headers   etag: '"6faed35f7e7434307699345ea2525c02"',
452 verbose headers   'last-modified': 'Thu, 23 Jun 2022 22:56:11 GMT',
452 verbose headers   vary: 'Accept-Encoding',
452 verbose headers   'cf-cache-status': 'REVALIDATED',
452 verbose headers   'expect-ct': 'max-age=604800, report-uri="https://report-uri.cloudflare.com/cdn-cgi/beacon/expect-ct"',
452 verbose headers   'x-amz-replication-status': 'PENDING',
452 verbose headers   server: 'cloudflare' }
453 silly get cb [ 304,
453 silly get   { date: 'Sun, 10 Jul 2022 17:26:43 GMT',
453 silly get     connection: 'keep-alive',
453 silly get     'cf-ray': '728b0186e8ea2542-SJC',
453 silly get     'cache-control': 'public, max-age=300',
453 silly get     etag: '"6faed35f7e7434307699345ea2525c02"',
453 silly get     'last-modified': 'Thu, 23 Jun 2022 22:56:11 GMT',
453 silly get     vary: 'Accept-Encoding',
453 silly get     'cf-cache-status': 'REVALIDATED',
453 silly get     'expect-ct': 'max-age=604800, report-uri="https://report-uri.cloudflare.com/cdn-cgi/beacon/expect-ct"',
453 silly get     'x-amz-replication-status': 'PENDING',
453 silly get     server: 'cloudflare' } ]
454 verbose etag https://registry.npmjs.org/pidusage from cache
455 verbose get saving pidusage to /home/zio/.npm/registry.npmjs.org/pidusage/.cache.json
456 http 304 https://registry.npmjs.org/dayjs
457 verbose headers { date: 'Sun, 10 Jul 2022 17:26:43 GMT',
457 verbose headers   connection: 'keep-alive',
457 verbose headers   'cf-ray': '728b0186eb01aaac-SJC',
457 verbose headers   age: '8',
457 verbose headers   'cache-control': 'public, max-age=300',
457 verbose headers   etag: '"80e5e57d334a2d986a824645059b4e07"',
457 verbose headers   'last-modified': 'Tue, 14 Jun 2022 20:41:50 GMT',
457 verbose headers   vary: 'Accept-Encoding',
457 verbose headers   'cf-cache-status': 'HIT',
457 verbose headers   'expect-ct': 'max-age=604800, report-uri="https://report-uri.cloudflare.com/cdn-cgi/beacon/expect-ct"',
457 verbose headers   'x-amz-replication-status': 'COMPLETED',
457 verbose headers   server: 'cloudflare' }
458 silly get cb [ 304,
458 silly get   { date: 'Sun, 10 Jul 2022 17:26:43 GMT',
458 silly get     connection: 'keep-alive',
458 silly get     'cf-ray': '728b0186eb01aaac-SJC',
458 silly get     age: '8',
458 silly get     'cache-control': 'public, max-age=300',
458 silly get     etag: '"80e5e57d334a2d986a824645059b4e07"',
458 silly get     'last-modified': 'Tue, 14 Jun 2022 20:41:50 GMT',
458 silly get     vary: 'Accept-Encoding',
458 silly get     'cf-cache-status': 'HIT',
458 silly get     'expect-ct': 'max-age=604800, report-uri="https://report-uri.cloudflare.com/cdn-cgi/beacon/expect-ct"',
458 silly get     'x-amz-replication-status': 'COMPLETED',
458 silly get     server: 'cloudflare' } ]
459 verbose etag https://registry.npmjs.org/dayjs from cache
460 verbose get saving dayjs to /home/zio/.npm/registry.npmjs.org/dayjs/.cache.json
461 silly resolveWithNewModule chokidar@3.5.3 checking installable status
462 silly cache add args [ 'chokidar@^3.5.1', null ]
463 verbose cache add spec chokidar@^3.5.1
464 silly cache add parsed spec Result {
464 silly cache add   raw: 'chokidar@^3.5.1',
464 silly cache add   scope: null,
464 silly cache add   name: 'chokidar',
464 silly cache add   rawSpec: '^3.5.1',
464 silly cache add   spec: '>=3.5.1 <4.0.0',
464 silly cache add   type: 'range' }
465 silly addNamed chokidar@>=3.5.1 <4.0.0
466 verbose addNamed ">=3.5.1 <4.0.0" is a valid semver range for chokidar
467 silly addNameRange { name: 'chokidar', range: '>=3.5.1 <4.0.0', hasData: false }
468 silly mapToRegistry name chokidar
469 silly mapToRegistry using default registry
470 silly mapToRegistry registry https://registry.npmjs.org/
471 silly mapToRegistry uri https://registry.npmjs.org/chokidar
472 verbose addNameRange registry:https://registry.npmjs.org/chokidar not in flight; fetching
473 silly resolveWithNewModule semver@7.3.7 checking installable status
474 silly cache add args [ 'semver@^7.2', null ]
475 verbose cache add spec semver@^7.2
476 silly cache add parsed spec Result {
476 silly cache add   raw: 'semver@^7.2',
476 silly cache add   scope: null,
476 silly cache add   name: 'semver',
476 silly cache add   rawSpec: '^7.2',
476 silly cache add   spec: '>=7.2.0 <8.0.0',
476 silly cache add   type: 'range' }
477 silly addNamed semver@>=7.2.0 <8.0.0
478 verbose addNamed ">=7.2.0 <8.0.0" is a valid semver range for semver
479 silly addNameRange { name: 'semver', range: '>=7.2.0 <8.0.0', hasData: false }
480 silly mapToRegistry name semver
481 silly mapToRegistry using default registry
482 silly mapToRegistry registry https://registry.npmjs.org/
483 silly mapToRegistry uri https://registry.npmjs.org/semver
484 verbose addNameRange registry:https://registry.npmjs.org/semver not in flight; fetching
485 silly resolveWithNewModule enquirer@2.3.6 checking installable status
486 silly cache add args [ 'enquirer@2.3.6', null ]
487 verbose cache add spec enquirer@2.3.6
488 silly cache add parsed spec Result {
488 silly cache add   raw: 'enquirer@2.3.6',
488 silly cache add   scope: null,
488 silly cache add   name: 'enquirer',
488 silly cache add   rawSpec: '2.3.6',
488 silly cache add   spec: '2.3.6',
488 silly cache add   type: 'version' }
489 silly addNamed enquirer@2.3.6
490 verbose addNamed "2.3.6" is a plain semver version for enquirer
491 silly mapToRegistry name enquirer
492 silly mapToRegistry using default registry
493 silly mapToRegistry registry https://registry.npmjs.org/
494 silly mapToRegistry uri https://registry.npmjs.org/enquirer
495 verbose addNameVersion registry:https://registry.npmjs.org/enquirer not in flight; fetching
496 silly resolveWithNewModule debug@4.3.4 checking installable status
497 silly cache add args [ 'debug@^4.3.1', null ]
498 verbose cache add spec debug@^4.3.1
499 silly cache add parsed spec Result {
499 silly cache add   raw: 'debug@^4.3.1',
499 silly cache add   scope: null,
499 silly cache add   name: 'debug',
499 silly cache add   rawSpec: '^4.3.1',
499 silly cache add   spec: '>=4.3.1 <5.0.0',
499 silly cache add   type: 'range' }
500 silly addNamed debug@>=4.3.1 <5.0.0
501 verbose addNamed ">=4.3.1 <5.0.0" is a valid semver range for debug
502 silly addNameRange { name: 'debug', range: '>=4.3.1 <5.0.0', hasData: false }
503 silly mapToRegistry name debug
504 silly mapToRegistry using default registry
505 silly mapToRegistry registry https://registry.npmjs.org/
506 silly mapToRegistry uri https://registry.npmjs.org/debug
507 verbose addNameRange registry:https://registry.npmjs.org/debug not in flight; fetching
508 http 304 https://registry.npmjs.org/chalk
509 verbose headers { date: 'Sun, 10 Jul 2022 17:26:43 GMT',
509 verbose headers   connection: 'keep-alive',
509 verbose headers   'cf-ray': '728b0186e9a796d2-SJC',
509 verbose headers   'cache-control': 'public, max-age=300',
509 verbose headers   etag: '"dfa4718014277a8cd0ec2d6e47dda741"',
509 verbose headers   'last-modified': 'Wed, 22 Jun 2022 20:22:16 GMT',
509 verbose headers   vary: 'Accept-Encoding',
509 verbose headers   'cf-cache-status': 'REVALIDATED',
509 verbose headers   'expect-ct': 'max-age=604800, report-uri="https://report-uri.cloudflare.com/cdn-cgi/beacon/expect-ct"',
509 verbose headers   'x-amz-replication-status': 'PENDING',
509 verbose headers   server: 'cloudflare' }
510 silly get cb [ 304,
510 silly get   { date: 'Sun, 10 Jul 2022 17:26:43 GMT',
510 silly get     connection: 'keep-alive',
510 silly get     'cf-ray': '728b0186e9a796d2-SJC',
510 silly get     'cache-control': 'public, max-age=300',
510 silly get     etag: '"dfa4718014277a8cd0ec2d6e47dda741"',
510 silly get     'last-modified': 'Wed, 22 Jun 2022 20:22:16 GMT',
510 silly get     vary: 'Accept-Encoding',
510 silly get     'cf-cache-status': 'REVALIDATED',
510 silly get     'expect-ct': 'max-age=604800, report-uri="https://report-uri.cloudflare.com/cdn-cgi/beacon/expect-ct"',
510 silly get     'x-amz-replication-status': 'PENDING',
510 silly get     server: 'cloudflare' } ]
511 verbose etag https://registry.npmjs.org/chalk from cache
512 verbose get saving chalk to /home/zio/.npm/registry.npmjs.org/chalk/.cache.json
513 http 304 https://registry.npmjs.org/pm2-deploy
514 verbose headers { date: 'Sun, 10 Jul 2022 17:26:43 GMT',
514 verbose headers   connection: 'keep-alive',
514 verbose headers   'cf-ray': '728b0186edcf96b4-SJC',
514 verbose headers   'cache-control': 'public, max-age=300',
514 verbose headers   etag: '"4b685da6b54398c4ba045c2905628726"',
514 verbose headers   'last-modified': 'Fri, 24 Jun 2022 04:48:00 GMT',
514 verbose headers   vary: 'Accept-Encoding',
514 verbose headers   'cf-cache-status': 'REVALIDATED',
514 verbose headers   'expect-ct': 'max-age=604800, report-uri="https://report-uri.cloudflare.com/cdn-cgi/beacon/expect-ct"',
514 verbose headers   'x-amz-replication-status': 'COMPLETED',
514 verbose headers   server: 'cloudflare' }
515 silly get cb [ 304,
515 silly get   { date: 'Sun, 10 Jul 2022 17:26:43 GMT',
515 silly get     connection: 'keep-alive',
515 silly get     'cf-ray': '728b0186edcf96b4-SJC',
515 silly get     'cache-control': 'public, max-age=300',
515 silly get     etag: '"4b685da6b54398c4ba045c2905628726"',
515 silly get     'last-modified': 'Fri, 24 Jun 2022 04:48:00 GMT',
515 silly get     vary: 'Accept-Encoding',
515 silly get     'cf-cache-status': 'REVALIDATED',
515 silly get     'expect-ct': 'max-age=604800, report-uri="https://report-uri.cloudflare.com/cdn-cgi/beacon/expect-ct"',
515 silly get     'x-amz-replication-status': 'COMPLETED',
515 silly get     server: 'cloudflare' } ]
516 verbose etag https://registry.npmjs.org/pm2-deploy from cache
517 verbose get saving pm2-deploy to /home/zio/.npm/registry.npmjs.org/pm2-deploy/.cache.json
518 http 304 https://registry.npmjs.org/source-map-support
519 verbose headers { date: 'Sun, 10 Jul 2022 17:26:43 GMT',
519 verbose headers   connection: 'keep-alive',
519 verbose headers   'cf-ray': '728b0186eb7f96a7-SJC',
519 verbose headers   'cache-control': 'public, max-age=300',
519 verbose headers   etag: '"6970a88035be23dffc972e6be944456a"',
519 verbose headers   'last-modified': 'Sun, 26 Jun 2022 22:22:58 GMT',
519 verbose headers   vary: 'Accept-Encoding',
519 verbose headers   'cf-cache-status': 'REVALIDATED',
519 verbose headers   'expect-ct': 'max-age=604800, report-uri="https://report-uri.cloudflare.com/cdn-cgi/beacon/expect-ct"',
519 verbose headers   'x-amz-replication-status': 'COMPLETED',
519 verbose headers   server: 'cloudflare' }
520 silly get cb [ 304,
520 silly get   { date: 'Sun, 10 Jul 2022 17:26:43 GMT',
520 silly get     connection: 'keep-alive',
520 silly get     'cf-ray': '728b0186eb7f96a7-SJC',
520 silly get     'cache-control': 'public, max-age=300',
520 silly get     etag: '"6970a88035be23dffc972e6be944456a"',
520 silly get     'last-modified': 'Sun, 26 Jun 2022 22:22:58 GMT',
520 silly get     vary: 'Accept-Encoding',
520 silly get     'cf-cache-status': 'REVALIDATED',
520 silly get     'expect-ct': 'max-age=604800, report-uri="https://report-uri.cloudflare.com/cdn-cgi/beacon/expect-ct"',
520 silly get     'x-amz-replication-status': 'COMPLETED',
520 silly get     server: 'cloudflare' } ]
521 verbose etag https://registry.npmjs.org/source-map-support from cache
522 verbose get saving source-map-support to /home/zio/.npm/registry.npmjs.org/source-map-support/.cache.json
523 http 304 https://registry.npmjs.org/croner
524 verbose headers { date: 'Sun, 10 Jul 2022 17:26:43 GMT',
524 verbose headers   connection: 'keep-alive',
524 verbose headers   'cf-ray': '728b0186eff097ee-SJC',
524 verbose headers   'cache-control': 'public, max-age=300',
524 verbose headers   etag: '"eff4490167fa954ea058d3faf38af1fc"',
524 verbose headers   'last-modified': 'Sat, 09 Jul 2022 18:51:39 GMT',
524 verbose headers   vary: 'Accept-Encoding',
524 verbose headers   'cf-cache-status': 'REVALIDATED',
524 verbose headers   'expect-ct': 'max-age=604800, report-uri="https://report-uri.cloudflare.com/cdn-cgi/beacon/expect-ct"',
524 verbose headers   'x-amz-replication-status': 'PENDING',
524 verbose headers   server: 'cloudflare' }
525 silly get cb [ 304,
525 silly get   { date: 'Sun, 10 Jul 2022 17:26:43 GMT',
525 silly get     connection: 'keep-alive',
525 silly get     'cf-ray': '728b0186eff097ee-SJC',
525 silly get     'cache-control': 'public, max-age=300',
525 silly get     etag: '"eff4490167fa954ea058d3faf38af1fc"',
525 silly get     'last-modified': 'Sat, 09 Jul 2022 18:51:39 GMT',
525 silly get     vary: 'Accept-Encoding',
525 silly get     'cf-cache-status': 'REVALIDATED',
525 silly get     'expect-ct': 'max-age=604800, report-uri="https://report-uri.cloudflare.com/cdn-cgi/beacon/expect-ct"',
525 silly get     'x-amz-replication-status': 'PENDING',
525 silly get     server: 'cloudflare' } ]
526 verbose etag https://registry.npmjs.org/croner from cache
527 verbose get saving croner to /home/zio/.npm/registry.npmjs.org/croner/.cache.json
528 silly resolveWithNewModule sprintf-js@1.1.2 checking installable status
529 silly cache add args [ 'sprintf-js@1.1.2', null ]
530 verbose cache add spec sprintf-js@1.1.2
531 silly cache add parsed spec Result {
531 silly cache add   raw: 'sprintf-js@1.1.2',
531 silly cache add   scope: null,
531 silly cache add   name: 'sprintf-js',
531 silly cache add   rawSpec: '1.1.2',
531 silly cache add   spec: '1.1.2',
531 silly cache add   type: 'version' }
532 silly addNamed sprintf-js@1.1.2
533 verbose addNamed "1.1.2" is a plain semver version for sprintf-js
534 silly mapToRegistry name sprintf-js
535 silly mapToRegistry using default registry
536 silly mapToRegistry registry https://registry.npmjs.org/
537 silly mapToRegistry uri https://registry.npmjs.org/sprintf-js
538 verbose addNameVersion registry:https://registry.npmjs.org/sprintf-js not in flight; fetching
539 http 304 https://registry.npmjs.org/blessed
540 verbose headers { date: 'Sun, 10 Jul 2022 17:26:43 GMT',
540 verbose headers   connection: 'keep-alive',
540 verbose headers   'cf-ray': '728b0186ec5597eb-SJC',
540 verbose headers   'cache-control': 'public, max-age=300',
540 verbose headers   etag: '"dc3c1794b9341f75b1755c39bfea3125"',
540 verbose headers   'last-modified': 'Mon, 13 Jun 2022 04:47:09 GMT',
540 verbose headers   vary: 'Accept-Encoding',
540 verbose headers   'cf-cache-status': 'REVALIDATED',
540 verbose headers   'expect-ct': 'max-age=604800, report-uri="https://report-uri.cloudflare.com/cdn-cgi/beacon/expect-ct"',
540 verbose headers   'x-amz-replication-status': 'COMPLETED',
540 verbose headers   server: 'cloudflare' }
541 silly get cb [ 304,
541 silly get   { date: 'Sun, 10 Jul 2022 17:26:43 GMT',
541 silly get     connection: 'keep-alive',
541 silly get     'cf-ray': '728b0186ec5597eb-SJC',
541 silly get     'cache-control': 'public, max-age=300',
541 silly get     etag: '"dc3c1794b9341f75b1755c39bfea3125"',
541 silly get     'last-modified': 'Mon, 13 Jun 2022 04:47:09 GMT',
541 silly get     vary: 'Accept-Encoding',
541 silly get     'cf-cache-status': 'REVALIDATED',
541 silly get     'expect-ct': 'max-age=604800, report-uri="https://report-uri.cloudflare.com/cdn-cgi/beacon/expect-ct"',
541 silly get     'x-amz-replication-status': 'COMPLETED',
541 silly get     server: 'cloudflare' } ]
542 verbose etag https://registry.npmjs.org/blessed from cache
543 verbose get saving blessed to /home/zio/.npm/registry.npmjs.org/blessed/.cache.json
544 http 304 https://registry.npmjs.org/pm2-axon-rpc
545 verbose headers { date: 'Sun, 10 Jul 2022 17:26:43 GMT',
545 verbose headers   connection: 'keep-alive',
545 verbose headers   'cf-ray': '728b0186ebae969a-SJC',
545 verbose headers   'cache-control': 'public, max-age=300',
545 verbose headers   etag: '"4585e45f4f4c52344fa2abb9c8ca217d"',
545 verbose headers   'last-modified': 'Fri, 24 Jun 2022 04:46:36 GMT',
545 verbose headers   vary: 'Accept-Encoding',
545 verbose headers   'cf-cache-status': 'REVALIDATED',
545 verbose headers   'expect-ct': 'max-age=604800, report-uri="https://report-uri.cloudflare.com/cdn-cgi/beacon/expect-ct"',
545 verbose headers   'x-amz-replication-status': 'COMPLETED',
545 verbose headers   server: 'cloudflare' }
546 silly get cb [ 304,
546 silly get   { date: 'Sun, 10 Jul 2022 17:26:43 GMT',
546 silly get     connection: 'keep-alive',
546 silly get     'cf-ray': '728b0186ebae969a-SJC',
546 silly get     'cache-control': 'public, max-age=300',
546 silly get     etag: '"4585e45f4f4c52344fa2abb9c8ca217d"',
546 silly get     'last-modified': 'Fri, 24 Jun 2022 04:46:36 GMT',
546 silly get     vary: 'Accept-Encoding',
546 silly get     'cf-cache-status': 'REVALIDATED',
546 silly get     'expect-ct': 'max-age=604800, report-uri="https://report-uri.cloudflare.com/cdn-cgi/beacon/expect-ct"',
546 silly get     'x-amz-replication-status': 'COMPLETED',
546 silly get     server: 'cloudflare' } ]
547 verbose etag https://registry.npmjs.org/pm2-axon-rpc from cache
548 verbose get saving pm2-axon-rpc to /home/zio/.npm/registry.npmjs.org/pm2-axon-rpc/.cache.json
549 http 304 https://registry.npmjs.org/pm2-multimeter
550 verbose headers { date: 'Sun, 10 Jul 2022 17:26:43 GMT',
550 verbose headers   connection: 'keep-alive',
550 verbose headers   'cf-ray': '728b0186fa68987c-SJC',
550 verbose headers   'cache-control': 'public, max-age=300',
550 verbose headers   etag: '"d1a3710ebb4dee704ed98fb39eb56415"',
550 verbose headers   'last-modified': 'Fri, 24 Jun 2022 04:52:36 GMT',
550 verbose headers   vary: 'Accept-Encoding',
550 verbose headers   'cf-cache-status': 'REVALIDATED',
550 verbose headers   'expect-ct': 'max-age=604800, report-uri="https://report-uri.cloudflare.com/cdn-cgi/beacon/expect-ct"',
550 verbose headers   'x-amz-replication-status': 'PENDING',
550 verbose headers   server: 'cloudflare' }
551 silly get cb [ 304,
551 silly get   { date: 'Sun, 10 Jul 2022 17:26:43 GMT',
551 silly get     connection: 'keep-alive',
551 silly get     'cf-ray': '728b0186fa68987c-SJC',
551 silly get     'cache-control': 'public, max-age=300',
551 silly get     etag: '"d1a3710ebb4dee704ed98fb39eb56415"',
551 silly get     'last-modified': 'Fri, 24 Jun 2022 04:52:36 GMT',
551 silly get     vary: 'Accept-Encoding',
551 silly get     'cf-cache-status': 'REVALIDATED',
551 silly get     'expect-ct': 'max-age=604800, report-uri="https://report-uri.cloudflare.com/cdn-cgi/beacon/expect-ct"',
551 silly get     'x-amz-replication-status': 'PENDING',
551 silly get     server: 'cloudflare' } ]
552 verbose etag https://registry.npmjs.org/pm2-multimeter from cache
553 verbose get saving pm2-multimeter to /home/zio/.npm/registry.npmjs.org/pm2-multimeter/.cache.json
554 http 304 https://registry.npmjs.org/vizion
555 verbose headers { date: 'Sun, 10 Jul 2022 17:26:43 GMT',
555 verbose headers   connection: 'keep-alive',
555 verbose headers   'cf-ray': '728b0186eda197e1-SJC',
555 verbose headers   'cache-control': 'public, max-age=300',
555 verbose headers   etag: '"0d38e6118baa8d72e15ec186c0c7ee95"',
555 verbose headers   'last-modified': 'Tue, 28 Jun 2022 17:56:57 GMT',
555 verbose headers   vary: 'Accept-Encoding',
555 verbose headers   'cf-cache-status': 'REVALIDATED',
555 verbose headers   'expect-ct': 'max-age=604800, report-uri="https://report-uri.cloudflare.com/cdn-cgi/beacon/expect-ct"',
555 verbose headers   'x-amz-replication-status': 'COMPLETED',
555 verbose headers   server: 'cloudflare' }
556 silly get cb [ 304,
556 silly get   { date: 'Sun, 10 Jul 2022 17:26:43 GMT',
556 silly get     connection: 'keep-alive',
556 silly get     'cf-ray': '728b0186eda197e1-SJC',
556 silly get     'cache-control': 'public, max-age=300',
556 silly get     etag: '"0d38e6118baa8d72e15ec186c0c7ee95"',
556 silly get     'last-modified': 'Tue, 28 Jun 2022 17:56:57 GMT',
556 silly get     vary: 'Accept-Encoding',
556 silly get     'cf-cache-status': 'REVALIDATED',
556 silly get     'expect-ct': 'max-age=604800, report-uri="https://report-uri.cloudflare.com/cdn-cgi/beacon/expect-ct"',
556 silly get     'x-amz-replication-status': 'COMPLETED',
556 silly get     server: 'cloudflare' } ]
557 verbose etag https://registry.npmjs.org/vizion from cache
558 verbose get saving vizion to /home/zio/.npm/registry.npmjs.org/vizion/.cache.json
559 http 304 https://registry.npmjs.org/mkdirp
560 verbose headers { date: 'Sun, 10 Jul 2022 17:26:43 GMT',
560 verbose headers   connection: 'keep-alive',
560 verbose headers   'cf-ray': '728b0186fc8296a1-SJC',
560 verbose headers   age: '22',
560 verbose headers   'cache-control': 'public, max-age=300',
560 verbose headers   etag: '"decc505d0f52c4696b2cbbd2c4f680c5"',
560 verbose headers   'last-modified': 'Sun, 19 Jun 2022 23:29:14 GMT',
560 verbose headers   vary: 'Accept-Encoding',
560 verbose headers   'cf-cache-status': 'HIT',
560 verbose headers   'expect-ct': 'max-age=604800, report-uri="https://report-uri.cloudflare.com/cdn-cgi/beacon/expect-ct"',
560 verbose headers   'x-amz-replication-status': 'PENDING',
560 verbose headers   server: 'cloudflare' }
561 silly get cb [ 304,
561 silly get   { date: 'Sun, 10 Jul 2022 17:26:43 GMT',
561 silly get     connection: 'keep-alive',
561 silly get     'cf-ray': '728b0186fc8296a1-SJC',
561 silly get     age: '22',
561 silly get     'cache-control': 'public, max-age=300',
561 silly get     etag: '"decc505d0f52c4696b2cbbd2c4f680c5"',
561 silly get     'last-modified': 'Sun, 19 Jun 2022 23:29:14 GMT',
561 silly get     vary: 'Accept-Encoding',
561 silly get     'cf-cache-status': 'HIT',
561 silly get     'expect-ct': 'max-age=604800, report-uri="https://report-uri.cloudflare.com/cdn-cgi/beacon/expect-ct"',
561 silly get     'x-amz-replication-status': 'PENDING',
561 silly get     server: 'cloudflare' } ]
562 verbose etag https://registry.npmjs.org/mkdirp from cache
563 verbose get saving mkdirp to /home/zio/.npm/registry.npmjs.org/mkdirp/.cache.json
564 http 304 https://registry.npmjs.org/needle
565 verbose headers { date: 'Sun, 10 Jul 2022 17:26:43 GMT',
565 verbose headers   connection: 'keep-alive',
565 verbose headers   'cf-ray': '728b0186ed7b2566-SJC',
565 verbose headers   'cache-control': 'public, max-age=300',
565 verbose headers   etag: '"c98ed98251d590ba373342d21d574863"',
565 verbose headers   'last-modified': 'Mon, 20 Jun 2022 23:42:01 GMT',
565 verbose headers   vary: 'Accept-Encoding',
565 verbose headers   'cf-cache-status': 'REVALIDATED',
565 verbose headers   'expect-ct': 'max-age=604800, report-uri="https://report-uri.cloudflare.com/cdn-cgi/beacon/expect-ct"',
565 verbose headers   'x-amz-replication-status': 'COMPLETED',
565 verbose headers   server: 'cloudflare' }
566 silly get cb [ 304,
566 silly get   { date: 'Sun, 10 Jul 2022 17:26:43 GMT',
566 silly get     connection: 'keep-alive',
566 silly get     'cf-ray': '728b0186ed7b2566-SJC',
566 silly get     'cache-control': 'public, max-age=300',
566 silly get     etag: '"c98ed98251d590ba373342d21d574863"',
566 silly get     'last-modified': 'Mon, 20 Jun 2022 23:42:01 GMT',
566 silly get     vary: 'Accept-Encoding',
566 silly get     'cf-cache-status': 'REVALIDATED',
566 silly get     'expect-ct': 'max-age=604800, report-uri="https://report-uri.cloudflare.com/cdn-cgi/beacon/expect-ct"',
566 silly get     'x-amz-replication-status': 'COMPLETED',
566 silly get     server: 'cloudflare' } ]
567 verbose etag https://registry.npmjs.org/needle from cache
568 verbose get saving needle to /home/zio/.npm/registry.npmjs.org/needle/.cache.json
569 http 304 https://registry.npmjs.org/promptly
570 verbose headers { date: 'Sun, 10 Jul 2022 17:26:43 GMT',
570 verbose headers   connection: 'keep-alive',
570 verbose headers   'cf-ray': '728b0186ee21983d-SJC',
570 verbose headers   'cache-control': 'public, max-age=300',
570 verbose headers   etag: '"b1a66f176b51e27e2f657c19b9690716"',
570 verbose headers   'last-modified': 'Fri, 24 Jun 2022 19:56:46 GMT',
570 verbose headers   vary: 'Accept-Encoding',
570 verbose headers   'cf-cache-status': 'REVALIDATED',
570 verbose headers   'expect-ct': 'max-age=604800, report-uri="https://report-uri.cloudflare.com/cdn-cgi/beacon/expect-ct"',
570 verbose headers   'x-amz-replication-status': 'COMPLETED',
570 verbose headers   server: 'cloudflare' }
571 silly get cb [ 304,
571 silly get   { date: 'Sun, 10 Jul 2022 17:26:43 GMT',
571 silly get     connection: 'keep-alive',
571 silly get     'cf-ray': '728b0186ee21983d-SJC',
571 silly get     'cache-control': 'public, max-age=300',
571 silly get     etag: '"b1a66f176b51e27e2f657c19b9690716"',
571 silly get     'last-modified': 'Fri, 24 Jun 2022 19:56:46 GMT',
571 silly get     vary: 'Accept-Encoding',
571 silly get     'cf-cache-status': 'REVALIDATED',
571 silly get     'expect-ct': 'max-age=604800, report-uri="https://report-uri.cloudflare.com/cdn-cgi/beacon/expect-ct"',
571 silly get     'x-amz-replication-status': 'COMPLETED',
571 silly get     server: 'cloudflare' } ]
572 verbose etag https://registry.npmjs.org/promptly from cache
573 verbose get saving promptly to /home/zio/.npm/registry.npmjs.org/promptly/.cache.json
574 silly cache afterAdd pm2-axon@4.0.1
575 verbose afterAdd /home/zio/.npm/pm2-axon/4.0.1/package/package.json not in flight; writing
576 http 304 https://registry.npmjs.org/yamljs
577 verbose headers { date: 'Sun, 10 Jul 2022 17:26:43 GMT',
577 verbose headers   connection: 'keep-alive',
577 verbose headers   'cf-ray': '728b0186eb07967f-SJC',
577 verbose headers   'cache-control': 'public, max-age=300',
577 verbose headers   etag: '"a83258708a535655e2ece79635b2d293"',
577 verbose headers   'last-modified': 'Wed, 29 Jun 2022 06:50:15 GMT',
577 verbose headers   vary: 'Accept-Encoding',
577 verbose headers   'cf-cache-status': 'REVALIDATED',
577 verbose headers   'expect-ct': 'max-age=604800, report-uri="https://report-uri.cloudflare.com/cdn-cgi/beacon/expect-ct"',
577 verbose headers   'x-amz-replication-status': 'PENDING',
577 verbose headers   server: 'cloudflare' }
578 silly get cb [ 304,
578 silly get   { date: 'Sun, 10 Jul 2022 17:26:43 GMT',
578 silly get     connection: 'keep-alive',
578 silly get     'cf-ray': '728b0186eb07967f-SJC',
578 silly get     'cache-control': 'public, max-age=300',
578 silly get     etag: '"a83258708a535655e2ece79635b2d293"',
578 silly get     'last-modified': 'Wed, 29 Jun 2022 06:50:15 GMT',
578 silly get     vary: 'Accept-Encoding',
578 silly get     'cf-cache-status': 'REVALIDATED',
578 silly get     'expect-ct': 'max-age=604800, report-uri="https://report-uri.cloudflare.com/cdn-cgi/beacon/expect-ct"',
578 silly get     'x-amz-replication-status': 'PENDING',
578 silly get     server: 'cloudflare' } ]
579 verbose etag https://registry.npmjs.org/yamljs from cache
580 verbose get saving yamljs to /home/zio/.npm/registry.npmjs.org/yamljs/.cache.json
581 http 304 https://registry.npmjs.org/fclone
582 verbose headers { date: 'Sun, 10 Jul 2022 17:26:43 GMT',
582 verbose headers   connection: 'keep-alive',
582 verbose headers   'cf-ray': '728b0186ec6596a1-SJC',
582 verbose headers   'cache-control': 'public, max-age=300',
582 verbose headers   etag: '"89d137ce8619537f634e13c64d66d4fc"',
582 verbose headers   'last-modified': 'Fri, 17 Jun 2022 23:50:42 GMT',
582 verbose headers   vary: 'Accept-Encoding',
582 verbose headers   'cf-cache-status': 'REVALIDATED',
582 verbose headers   'expect-ct': 'max-age=604800, report-uri="https://report-uri.cloudflare.com/cdn-cgi/beacon/expect-ct"',
582 verbose headers   'x-amz-replication-status': 'COMPLETED',
582 verbose headers   server: 'cloudflare' }
583 silly get cb [ 304,
583 silly get   { date: 'Sun, 10 Jul 2022 17:26:43 GMT',
583 silly get     connection: 'keep-alive',
583 silly get     'cf-ray': '728b0186ec6596a1-SJC',
583 silly get     'cache-control': 'public, max-age=300',
583 silly get     etag: '"89d137ce8619537f634e13c64d66d4fc"',
583 silly get     'last-modified': 'Fri, 17 Jun 2022 23:50:42 GMT',
583 silly get     vary: 'Accept-Encoding',
583 silly get     'cf-cache-status': 'REVALIDATED',
583 silly get     'expect-ct': 'max-age=604800, report-uri="https://report-uri.cloudflare.com/cdn-cgi/beacon/expect-ct"',
583 silly get     'x-amz-replication-status': 'COMPLETED',
583 silly get     server: 'cloudflare' } ]
584 verbose etag https://registry.npmjs.org/fclone from cache
585 verbose get saving fclone to /home/zio/.npm/registry.npmjs.org/fclone/.cache.json
586 silly resolveWithNewModule async@3.2.4 checking installable status
587 silly cache add args [ 'async@~3.2.0', null ]
588 verbose cache add spec async@~3.2.0
589 silly cache add parsed spec Result {
589 silly cache add   raw: 'async@~3.2.0',
589 silly cache add   scope: null,
589 silly cache add   name: 'async',
589 silly cache add   rawSpec: '~3.2.0',
589 silly cache add   spec: '>=3.2.0 <3.3.0',
589 silly cache add   type: 'range' }
590 silly addNamed async@>=3.2.0 <3.3.0
591 verbose addNamed ">=3.2.0 <3.3.0" is a valid semver range for async
592 silly addNameRange { name: 'async', range: '>=3.2.0 <3.3.0', hasData: false }
593 silly mapToRegistry name async
594 silly mapToRegistry using default registry
595 silly mapToRegistry registry https://registry.npmjs.org/
596 silly mapToRegistry uri https://registry.npmjs.org/async
597 verbose addNameRange registry:https://registry.npmjs.org/async not in flight; fetching
598 silly resolveWithNewModule commander@2.15.1 checking installable status
599 silly cache add args [ 'commander@2.15.1', null ]
600 verbose cache add spec commander@2.15.1
601 silly cache add parsed spec Result {
601 silly cache add   raw: 'commander@2.15.1',
601 silly cache add   scope: null,
601 silly cache add   name: 'commander',
601 silly cache add   rawSpec: '2.15.1',
601 silly cache add   spec: '2.15.1',
601 silly cache add   type: 'version' }
602 silly addNamed commander@2.15.1
603 verbose addNamed "2.15.1" is a plain semver version for commander
604 silly mapToRegistry name commander
605 silly mapToRegistry using default registry
606 silly mapToRegistry registry https://registry.npmjs.org/
607 silly mapToRegistry uri https://registry.npmjs.org/commander
608 verbose addNameVersion registry:https://registry.npmjs.org/commander not in flight; fetching
609 verbose get https://registry.npmjs.org/chokidar not expired, no request
610 silly addNameRange number 2 { name: 'chokidar', range: '>=3.5.1 <4.0.0', hasData: true }
611 silly addNameRange versions [ 'chokidar',
611 silly addNameRange   [ '0.1.1',
611 silly addNameRange     '0.2.0',
611 silly addNameRange     '0.2.1',
611 silly addNameRange     '0.2.2',
611 silly addNameRange     '0.2.3',
611 silly addNameRange     '0.2.4',
611 silly addNameRange     '0.2.5',
611 silly addNameRange     '0.2.6',
611 silly addNameRange     '0.3.0',
611 silly addNameRange     '0.4.0',
611 silly addNameRange     '0.5.0',
611 silly addNameRange     '0.5.1',
611 silly addNameRange     '0.5.2',
611 silly addNameRange     '0.5.3',
611 silly addNameRange     '0.6.0',
611 silly addNameRange     '0.6.1',
611 silly addNameRange     '0.6.2',
611 silly addNameRange     '0.6.3',
611 silly addNameRange     '0.7.0',
611 silly addNameRange     '0.7.1',
611 silly addNameRange     '0.8.0',
611 silly addNameRange     '0.8.1',
611 silly addNameRange     '0.8.2',
611 silly addNameRange     '0.8.3',
611 silly addNameRange     '0.8.4',
611 silly addNameRange     '0.9.0',
611 silly addNameRange     '0.10.0',
611 silly addNameRange     '0.10.1',
611 silly addNameRange     '0.10.2',
611 silly addNameRange     '0.10.3',
611 silly addNameRange     '0.10.4',
611 silly addNameRange     '0.10.5',
611 silly addNameRange     '0.10.6',
611 silly addNameRange     '0.10.7',
611 silly addNameRange     '0.10.8',
611 silly addNameRange     '0.10.9',
611 silly addNameRange     '0.11.0',
611 silly addNameRange     '0.11.1',
611 silly addNameRange     '0.12.0',
611 silly addNameRange     '0.12.1',
611 silly addNameRange     '0.12.2',
611 silly addNameRange     '0.12.3',
611 silly addNameRange     '0.12.4',
611 silly addNameRange     '0.12.5',
611 silly addNameRange     '0.12.6',
611 silly addNameRange     '1.0.0-rc1',
611 silly addNameRange     '1.0.0-rc1.1',
611 silly addNameRange     '1.0.0-rc2',
611 silly addNameRange     '1.0.0-rc3',
611 silly addNameRange     '1.0.0-rc4',
611 silly addNameRange     '1.0.0-rc5',
611 silly addNameRange     '1.0.0',
611 silly addNameRange     '1.0.1',
611 silly addNameRange     '1.0.2',
611 silly addNameRange     '1.0.3',
611 silly addNameRange     '1.0.4',
611 silly addNameRange     '1.0.5',
611 silly addNameRange     '1.0.6',
611 silly addNameRange     '1.1.0',
611 silly addNameRange     '1.2.0',
611 silly addNameRange     '1.3.0',
611 silly addNameRange     '1.4.0',
611 silly addNameRange     '1.4.1',
611 silly addNameRange     '1.4.2',
611 silly addNameRange     '1.4.3',
611 silly addNameRange     '1.5.0',
611 silly addNameRange     '1.5.1',
611 silly addNameRange     '1.5.2',
611 silly addNameRange     '1.6.0',
611 silly addNameRange     '1.6.1',
611 silly addNameRange     '1.7.0',
611 silly addNameRange     '2.0.0',
611 silly addNameRange     '2.0.1',
611 silly addNameRange     '2.0.2',
611 silly addNameRange     '2.0.3',
611 silly addNameRange     '2.0.4',
611 silly addNameRange     '2.1.0',
611 silly addNameRange     '2.1.1',
611 silly addNameRange     '2.1.2',
611 silly addNameRange     '2.1.3',
611 silly addNameRange     '2.1.4',
611 silly addNameRange     '2.1.5',
611 silly addNameRange     '3.0.0',
611 silly addNameRange     '2.1.6',
611 silly addNameRange     '3.0.1',
611 silly addNameRange     '3.0.2',
611 silly addNameRange     '2.1.8',
611 silly addNameRange     '3.1.0',
611 silly addNameRange     '3.1.1',
611 silly addNameRange     '3.2.0',
611 silly addNameRange     '3.2.1',
611 silly addNameRange     '3.2.2',
611 silly addNameRange     '3.2.3',
611 silly addNameRange     '3.3.0',
611 silly addNameRange     '3.3.1',
611 silly addNameRange     '3.4.0',
611 silly addNameRange     '3.4.1',
611 silly addNameRange     '3.4.2',
611 silly addNameRange     '3.4.3',
611 silly addNameRange     '3.5.0',
611 silly addNameRange     ... 3 more items ] ]
612 silly addNamed chokidar@3.5.3
613 verbose addNamed "3.5.3" is a plain semver version for chokidar
614 verbose get https://registry.npmjs.org/semver not expired, no request
615 silly addNameRange number 2 { name: 'semver', range: '>=7.2.0 <8.0.0', hasData: true }
616 silly addNameRange versions [ 'semver',
616 silly addNameRange   [ '1.0.0',
616 silly addNameRange     '1.0.1',
616 silly addNameRange     '1.0.2',
616 silly addNameRange     '1.0.3',
616 silly addNameRange     '1.0.4',
616 silly addNameRange     '1.0.5',
616 silly addNameRange     '1.0.6',
616 silly addNameRange     '1.0.7',
616 silly addNameRange     '1.0.8',
616 silly addNameRange     '1.0.9',
616 silly addNameRange     '1.0.10',
616 silly addNameRange     '1.0.11',
616 silly addNameRange     '1.0.12',
616 silly addNameRange     '1.0.13',
616 silly addNameRange     '1.0.14',
616 silly addNameRange     '1.1.0',
616 silly addNameRange     '1.1.1',
616 silly addNameRange     '1.1.2',
616 silly addNameRange     '1.1.3',
616 silly addNameRange     '1.1.4',
616 silly addNameRange     '2.0.0-alpha',
616 silly addNameRange     '2.0.0-beta',
616 silly addNameRange     '2.0.1',
616 silly addNameRange     '2.0.2',
616 silly addNameRange     '2.0.3',
616 silly addNameRange     '2.0.4',
616 silly addNameRange     '2.0.5',
616 silly addNameRange     '2.0.6',
616 silly addNameRange     '2.0.7',
616 silly addNameRange     '2.0.8',
616 silly addNameRange     '2.0.9',
616 silly addNameRange     '2.0.10',
616 silly addNameRange     '2.0.11',
616 silly addNameRange     '2.1.0',
616 silly addNameRange     '2.2.0',
616 silly addNameRange     '2.2.1',
616 silly addNameRange     '2.3.0',
616 silly addNameRange     '2.3.1',
616 silly addNameRange     '2.3.2',
616 silly addNameRange     '3.0.0',
616 silly addNameRange     '3.0.1',
616 silly addNameRange     '4.0.0',
616 silly addNameRange     '4.0.2',
616 silly addNameRange     '4.0.3',
616 silly addNameRange     '4.1.0',
616 silly addNameRange     '4.1.1',
616 silly addNameRange     '4.2.0',
616 silly addNameRange     '4.2.1',
616 silly addNameRange     '4.2.2',
616 silly addNameRange     '4.3.0',
616 silly addNameRange     '4.3.1',
616 silly addNameRange     '4.3.2',
616 silly addNameRange     '4.3.3',
616 silly addNameRange     '4.3.4',
616 silly addNameRange     '4.3.5',
616 silly addNameRange     '4.3.6',
616 silly addNameRange     '5.0.0',
616 silly addNameRange     '5.0.1',
616 silly addNameRange     '5.0.2',
616 silly addNameRange     '5.0.3',
616 silly addNameRange     '5.1.0',
616 silly addNameRange     '5.1.1',
616 silly addNameRange     '5.2.0',
616 silly addNameRange     '5.3.0',
616 silly addNameRange     '5.4.0',
616 silly addNameRange     '5.4.1',
616 silly addNameRange     '5.5.0',
616 silly addNameRange     '5.5.1',
616 silly addNameRange     '5.6.0',
616 silly addNameRange     '5.7.0',
616 silly addNameRange     '6.0.0',
616 silly addNameRange     '6.1.0',
616 silly addNameRange     '6.1.1',
616 silly addNameRange     '6.1.2',
616 silly addNameRange     '6.1.3',
616 silly addNameRange     '6.2.0',
616 silly addNameRange     '6.3.0',
616 silly addNameRange     '5.7.1',
616 silly addNameRange     '7.0.0',
616 silly addNameRange     '7.1.0',
616 silly addNameRange     '7.1.1',
616 silly addNameRange     '7.1.2',
616 silly addNameRange     '7.1.3',
616 silly addNameRange     '7.2.0',
616 silly addNameRange     '7.2.1',
616 silly addNameRange     '7.2.2',
616 silly addNameRange     '7.2.3',
616 silly addNameRange     '7.3.0',
616 silly addNameRange     '7.3.1',
616 silly addNameRange     '7.3.2',
616 silly addNameRange     '7.3.3',
616 silly addNameRange     '7.3.4',
616 silly addNameRange     '7.3.5',
616 silly addNameRange     '7.3.6',
616 silly addNameRange     '7.3.7' ] ]
617 silly addNamed semver@7.3.7
618 verbose addNamed "7.3.7" is a plain semver version for semver
619 verbose get https://registry.npmjs.org/enquirer not expired, no request
620 verbose get https://registry.npmjs.org/debug not expired, no request
621 silly addNameRange number 2 { name: 'debug', range: '>=4.3.1 <5.0.0', hasData: true }
622 silly addNameRange versions [ 'debug',
622 silly addNameRange   [ '0.0.1',
622 silly addNameRange     '0.1.0',
622 silly addNameRange     '0.2.0',
622 silly addNameRange     '0.3.0',
622 silly addNameRange     '0.4.0',
622 silly addNameRange     '0.4.1',
622 silly addNameRange     '0.5.0',
622 silly addNameRange     '0.6.0',
622 silly addNameRange     '0.7.0',
622 silly addNameRange     '0.7.1',
622 silly addNameRange     '0.7.2',
622 silly addNameRange     '0.7.3',
622 silly addNameRange     '0.7.4',
622 silly addNameRange     '0.8.0',
622 silly addNameRange     '0.8.1',
622 silly addNameRange     '1.0.0',
622 silly addNameRange     '1.0.1',
622 silly addNameRange     '1.0.2',
622 silly addNameRange     '1.0.3',
622 silly addNameRange     '1.0.4',
622 silly addNameRange     '2.0.0',
622 silly addNameRange     '2.1.0',
622 silly addNameRange     '2.1.1',
622 silly addNameRange     '2.1.2',
622 silly addNameRange     '2.1.3',
622 silly addNameRange     '2.2.0',
622 silly addNameRange     '2.3.0',
622 silly addNameRange     '2.3.1',
622 silly addNameRange     '2.3.2',
622 silly addNameRange     '2.3.3',
622 silly addNameRange     '2.4.0',
622 silly addNameRange     '2.4.1',
622 silly addNameRange     '2.4.2',
622 silly addNameRange     '2.4.3',
622 silly addNameRange     '2.4.4',
622 silly addNameRange     '2.4.5',
622 silly addNameRange     '2.5.0',
622 silly addNameRange     '2.5.1',
622 silly addNameRange     '2.5.2',
622 silly addNameRange     '2.6.0',
622 silly addNameRange     '2.6.1',
622 silly addNameRange     '2.6.2',
622 silly addNameRange     '2.6.3',
622 silly addNameRange     '2.6.4',
622 silly addNameRange     '2.6.5',
622 silly addNameRange     '2.6.6',
622 silly addNameRange     '2.6.7',
622 silly addNameRange     '2.6.8',
622 silly addNameRange     '1.0.5',
622 silly addNameRange     '3.0.0',
622 silly addNameRange     '3.0.1',
622 silly addNameRange     '2.6.9',
622 silly addNameRange     '3.1.0',
622 silly addNameRange     '3.2.0',
622 silly addNameRange     '3.2.1',
622 silly addNameRange     '3.2.2',
622 silly addNameRange     '3.2.3',
622 silly addNameRange     '4.0.0',
622 silly addNameRange     '3.2.4',
622 silly addNameRange     '3.2.5',
622 silly addNameRange     '4.0.1',
622 silly addNameRange     '4.1.0',
622 silly addNameRange     '3.2.6',
622 silly addNameRange     '4.1.1',
622 silly addNameRange     '4.2.0',
622 silly addNameRange     '4.3.0',
622 silly addNameRange     '4.3.1',
622 silly addNameRange     '3.2.7',
622 silly addNameRange     '4.3.2',
622 silly addNameRange     '4.3.3',
622 silly addNameRange     '4.3.4' ] ]
623 silly addNamed debug@4.3.4
624 verbose addNamed "4.3.4" is a plain semver version for debug
625 http 304 https://registry.npmjs.org/@pm2%2fpm2-version-check
626 verbose headers { date: 'Sun, 10 Jul 2022 17:26:43 GMT',
626 verbose headers   connection: 'keep-alive',
626 verbose headers   'cf-ray': '728b0186ead49840-SJC',
626 verbose headers   'cache-control': 'public, max-age=300',
626 verbose headers   etag: '"78d74182389b6c5a44f4aa14bb8c9e7d"',
626 verbose headers   'last-modified': 'Wed, 06 Apr 2022 15:29:40 GMT',
626 verbose headers   vary: 'Accept-Encoding',
626 verbose headers   'cf-cache-status': 'REVALIDATED',
626 verbose headers   'expect-ct': 'max-age=604800, report-uri="https://report-uri.cloudflare.com/cdn-cgi/beacon/expect-ct"',
626 verbose headers   'x-amz-replication-status': 'COMPLETED',
626 verbose headers   server: 'cloudflare' }
627 silly get cb [ 304,
627 silly get   { date: 'Sun, 10 Jul 2022 17:26:43 GMT',
627 silly get     connection: 'keep-alive',
627 silly get     'cf-ray': '728b0186ead49840-SJC',
627 silly get     'cache-control': 'public, max-age=300',
627 silly get     etag: '"78d74182389b6c5a44f4aa14bb8c9e7d"',
627 silly get     'last-modified': 'Wed, 06 Apr 2022 15:29:40 GMT',
627 silly get     vary: 'Accept-Encoding',
627 silly get     'cf-cache-status': 'REVALIDATED',
627 silly get     'expect-ct': 'max-age=604800, report-uri="https://report-uri.cloudflare.com/cdn-cgi/beacon/expect-ct"',
627 silly get     'x-amz-replication-status': 'COMPLETED',
627 silly get     server: 'cloudflare' } ]
628 verbose etag https://registry.npmjs.org/@pm2%2fpm2-version-check from cache
629 verbose get saving @pm2/pm2-version-check to /home/zio/.npm/registry.npmjs.org/_40pm2_252fpm2-version-check/.cache.json
630 http 304 https://registry.npmjs.org/eventemitter2
631 verbose headers { date: 'Sun, 10 Jul 2022 17:26:43 GMT',
631 verbose headers   connection: 'keep-alive',
631 verbose headers   'cf-ray': '728b0186ebfc942f-SJC',
631 verbose headers   'cache-control': 'public, max-age=300',
631 verbose headers   etag: '"c9d753e4efbc41c71f7b087588484c09"',
631 verbose headers   'last-modified': 'Thu, 30 Jun 2022 02:24:26 GMT',
631 verbose headers   vary: 'Accept-Encoding',
631 verbose headers   'cf-cache-status': 'REVALIDATED',
631 verbose headers   'expect-ct': 'max-age=604800, report-uri="https://report-uri.cloudflare.com/cdn-cgi/beacon/expect-ct"',
631 verbose headers   'x-amz-replication-status': 'COMPLETED',
631 verbose headers   server: 'cloudflare' }
632 silly get cb [ 304,
632 silly get   { date: 'Sun, 10 Jul 2022 17:26:43 GMT',
632 silly get     connection: 'keep-alive',
632 silly get     'cf-ray': '728b0186ebfc942f-SJC',
632 silly get     'cache-control': 'public, max-age=300',
632 silly get     etag: '"c9d753e4efbc41c71f7b087588484c09"',
632 silly get     'last-modified': 'Thu, 30 Jun 2022 02:24:26 GMT',
632 silly get     vary: 'Accept-Encoding',
632 silly get     'cf-cache-status': 'REVALIDATED',
632 silly get     'expect-ct': 'max-age=604800, report-uri="https://report-uri.cloudflare.com/cdn-cgi/beacon/expect-ct"',
632 silly get     'x-amz-replication-status': 'COMPLETED',
632 silly get     server: 'cloudflare' } ]
633 verbose etag https://registry.npmjs.org/eventemitter2 from cache
634 verbose get saving eventemitter2 to /home/zio/.npm/registry.npmjs.org/eventemitter2/.cache.json
635 verbose get https://registry.npmjs.org/sprintf-js not expired, no request
636 http 304 https://registry.npmjs.org/pm2-sysmonit
637 verbose headers { date: 'Sun, 10 Jul 2022 17:26:43 GMT',
637 verbose headers   connection: 'keep-alive',
637 verbose headers   'cf-ray': '728b0186ef409465-SJC',
637 verbose headers   'cache-control': 'public, max-age=300',
637 verbose headers   etag: '"a40251b50cf25bf8fe753a9299008311"',
637 verbose headers   'last-modified': 'Fri, 13 May 2022 03:04:53 GMT',
637 verbose headers   vary: 'Accept-Encoding',
637 verbose headers   'cf-cache-status': 'REVALIDATED',
637 verbose headers   'expect-ct': 'max-age=604800, report-uri="https://report-uri.cloudflare.com/cdn-cgi/beacon/expect-ct"',
637 verbose headers   'x-amz-replication-status': 'COMPLETED',
637 verbose headers   server: 'cloudflare' }
638 silly get cb [ 304,
638 silly get   { date: 'Sun, 10 Jul 2022 17:26:43 GMT',
638 silly get     connection: 'keep-alive',
638 silly get     'cf-ray': '728b0186ef409465-SJC',
638 silly get     'cache-control': 'public, max-age=300',
638 silly get     etag: '"a40251b50cf25bf8fe753a9299008311"',
638 silly get     'last-modified': 'Fri, 13 May 2022 03:04:53 GMT',
638 silly get     vary: 'Accept-Encoding',
638 silly get     'cf-cache-status': 'REVALIDATED',
638 silly get     'expect-ct': 'max-age=604800, report-uri="https://report-uri.cloudflare.com/cdn-cgi/beacon/expect-ct"',
638 silly get     'x-amz-replication-status': 'COMPLETED',
638 silly get     server: 'cloudflare' } ]
639 verbose etag https://registry.npmjs.org/pm2-sysmonit from cache
640 verbose get saving pm2-sysmonit to /home/zio/.npm/registry.npmjs.org/pm2-sysmonit/.cache.json
641 http 304 https://registry.npmjs.org/@pm2%2fjs-api
642 verbose headers { date: 'Sun, 10 Jul 2022 17:26:43 GMT',
642 verbose headers   connection: 'keep-alive',
642 verbose headers   'cf-ray': '728b0186ea4b96bd-SJC',
642 verbose headers   'cache-control': 'public, max-age=300',
642 verbose headers   etag: '"a09c5124977bcd6205774df1a308be98"',
642 verbose headers   'last-modified': 'Sun, 12 Jun 2022 22:42:11 GMT',
642 verbose headers   vary: 'Accept-Encoding',
642 verbose headers   'cf-cache-status': 'REVALIDATED',
642 verbose headers   'expect-ct': 'max-age=604800, report-uri="https://report-uri.cloudflare.com/cdn-cgi/beacon/expect-ct"',
642 verbose headers   'x-amz-replication-status': 'COMPLETED',
642 verbose headers   server: 'cloudflare' }
643 silly get cb [ 304,
643 silly get   { date: 'Sun, 10 Jul 2022 17:26:43 GMT',
643 silly get     connection: 'keep-alive',
643 silly get     'cf-ray': '728b0186ea4b96bd-SJC',
643 silly get     'cache-control': 'public, max-age=300',
643 silly get     etag: '"a09c5124977bcd6205774df1a308be98"',
643 silly get     'last-modified': 'Sun, 12 Jun 2022 22:42:11 GMT',
643 silly get     vary: 'Accept-Encoding',
643 silly get     'cf-cache-status': 'REVALIDATED',
643 silly get     'expect-ct': 'max-age=604800, report-uri="https://report-uri.cloudflare.com/cdn-cgi/beacon/expect-ct"',
643 silly get     'x-amz-replication-status': 'COMPLETED',
643 silly get     server: 'cloudflare' } ]
644 verbose etag https://registry.npmjs.org/@pm2%2fjs-api from cache
645 verbose get saving @pm2/js-api to /home/zio/.npm/registry.npmjs.org/_40pm2_252fjs-api/.cache.json
646 verbose afterAdd /home/zio/.npm/pm2-axon/4.0.1/package/package.json written
647 silly resolveWithNewModule pidusage@3.0.0 checking installable status
648 silly cache add args [ 'pidusage@~3.0', null ]
649 verbose cache add spec pidusage@~3.0
650 silly cache add parsed spec Result {
650 silly cache add   raw: 'pidusage@~3.0',
650 silly cache add   scope: null,
650 silly cache add   name: 'pidusage',
650 silly cache add   rawSpec: '~3.0',
650 silly cache add   spec: '>=3.0.0 <3.1.0',
650 silly cache add   type: 'range' }
651 silly addNamed pidusage@>=3.0.0 <3.1.0
652 verbose addNamed ">=3.0.0 <3.1.0" is a valid semver range for pidusage
653 silly addNameRange { name: 'pidusage', range: '>=3.0.0 <3.1.0', hasData: false }
654 silly mapToRegistry name pidusage
655 silly mapToRegistry using default registry
656 silly mapToRegistry registry https://registry.npmjs.org/
657 silly mapToRegistry uri https://registry.npmjs.org/pidusage
658 verbose addNameRange registry:https://registry.npmjs.org/pidusage not in flight; fetching
659 silly resolveWithNewModule dayjs@1.8.36 checking installable status
660 silly cache add args [ 'dayjs@~1.8.25', null ]
661 verbose cache add spec dayjs@~1.8.25
662 silly cache add parsed spec Result {
662 silly cache add   raw: 'dayjs@~1.8.25',
662 silly cache add   scope: null,
662 silly cache add   name: 'dayjs',
662 silly cache add   rawSpec: '~1.8.25',
662 silly cache add   spec: '>=1.8.25 <1.9.0',
662 silly cache add   type: 'range' }
663 silly addNamed dayjs@>=1.8.25 <1.9.0
664 verbose addNamed ">=1.8.25 <1.9.0" is a valid semver range for dayjs
665 silly addNameRange { name: 'dayjs', range: '>=1.8.25 <1.9.0', hasData: false }
666 silly mapToRegistry name dayjs
667 silly mapToRegistry using default registry
668 silly mapToRegistry registry https://registry.npmjs.org/
669 silly mapToRegistry uri https://registry.npmjs.org/dayjs
670 verbose addNameRange registry:https://registry.npmjs.org/dayjs not in flight; fetching
671 silly resolveWithNewModule chalk@3.0.0 checking installable status
672 silly cache add args [ 'chalk@3.0.0', null ]
673 verbose cache add spec chalk@3.0.0
674 silly cache add parsed spec Result {
674 silly cache add   raw: 'chalk@3.0.0',
674 silly cache add   scope: null,
674 silly cache add   name: 'chalk',
674 silly cache add   rawSpec: '3.0.0',
674 silly cache add   spec: '3.0.0',
674 silly cache add   type: 'version' }
675 silly addNamed chalk@3.0.0
676 verbose addNamed "3.0.0" is a plain semver version for chalk
677 silly mapToRegistry name chalk
678 silly mapToRegistry using default registry
679 silly mapToRegistry registry https://registry.npmjs.org/
680 silly mapToRegistry uri https://registry.npmjs.org/chalk
681 verbose addNameVersion registry:https://registry.npmjs.org/chalk not in flight; fetching
682 silly resolveWithNewModule pm2-deploy@1.0.2 checking installable status
683 silly cache add args [ 'pm2-deploy@~1.0.2', null ]
684 verbose cache add spec pm2-deploy@~1.0.2
685 silly cache add parsed spec Result {
685 silly cache add   raw: 'pm2-deploy@~1.0.2',
685 silly cache add   scope: null,
685 silly cache add   name: 'pm2-deploy',
685 silly cache add   rawSpec: '~1.0.2',
685 silly cache add   spec: '>=1.0.2 <1.1.0',
685 silly cache add   type: 'range' }
686 silly addNamed pm2-deploy@>=1.0.2 <1.1.0
687 verbose addNamed ">=1.0.2 <1.1.0" is a valid semver range for pm2-deploy
688 silly addNameRange { name: 'pm2-deploy', range: '>=1.0.2 <1.1.0', hasData: false }
689 silly mapToRegistry name pm2-deploy
690 silly mapToRegistry using default registry
691 silly mapToRegistry registry https://registry.npmjs.org/
692 silly mapToRegistry uri https://registry.npmjs.org/pm2-deploy
693 verbose addNameRange registry:https://registry.npmjs.org/pm2-deploy not in flight; fetching
694 silly resolveWithNewModule source-map-support@0.5.19 checking installable status
695 silly cache add args [ 'source-map-support@0.5.19', null ]
696 verbose cache add spec source-map-support@0.5.19
697 silly cache add parsed spec Result {
697 silly cache add   raw: 'source-map-support@0.5.19',
697 silly cache add   scope: null,
697 silly cache add   name: 'source-map-support',
697 silly cache add   rawSpec: '0.5.19',
697 silly cache add   spec: '0.5.19',
697 silly cache add   type: 'version' }
698 silly addNamed source-map-support@0.5.19
699 verbose addNamed "0.5.19" is a plain semver version for source-map-support
700 silly mapToRegistry name source-map-support
701 silly mapToRegistry using default registry
702 silly mapToRegistry registry https://registry.npmjs.org/
703 silly mapToRegistry uri https://registry.npmjs.org/source-map-support
704 verbose addNameVersion registry:https://registry.npmjs.org/source-map-support not in flight; fetching
705 verbose stack Error: Missing required argument #1
705 verbose stack     at andLogAndFinish (/usr/share/npm/lib/fetch-package-metadata.js:31:3)
705 verbose stack     at fetchPackageMetadata (/usr/share/npm/lib/fetch-package-metadata.js:51:22)
705 verbose stack     at resolveWithNewModule (/usr/share/npm/lib/install/deps.js:456:12)
705 verbose stack     at /usr/share/npm/lib/install/deps.js:457:7
705 verbose stack     at /usr/share/npm/node_modules/iferr/index.js:13:50
705 verbose stack     at /usr/share/npm/lib/fetch-package-metadata.js:37:12
705 verbose stack     at addRequestedAndFinish (/usr/share/npm/lib/fetch-package-metadata.js:82:5)
705 verbose stack     at returnAndAddMetadata (/usr/share/npm/lib/fetch-package-metadata.js:117:7)
705 verbose stack     at pickVersionFromRegistryDocument (/usr/share/npm/lib/fetch-package-metadata.js:134:20)
705 verbose stack     at /usr/share/npm/node_modules/iferr/index.js:13:50
706 verbose cwd /var/www/app
707 error Linux 4.15.0-175-generic
708 error argv "/usr/bin/node" "/usr/bin/npm" "i" "-g" "pm2"
709 error node v8.10.0
710 error npm  v3.5.2
711 error code EMISSINGARG
712 error typeerror Error: Missing required argument #1
712 error typeerror     at andLogAndFinish (/usr/share/npm/lib/fetch-package-metadata.js:31:3)
712 error typeerror     at fetchPackageMetadata (/usr/share/npm/lib/fetch-package-metadata.js:51:22)
712 error typeerror     at resolveWithNewModule (/usr/share/npm/lib/install/deps.js:456:12)
712 error typeerror     at /usr/share/npm/lib/install/deps.js:457:7
712 error typeerror     at /usr/share/npm/node_modules/iferr/index.js:13:50
712 error typeerror     at /usr/share/npm/lib/fetch-package-metadata.js:37:12
712 error typeerror     at addRequestedAndFinish (/usr/share/npm/lib/fetch-package-metadata.js:82:5)
712 error typeerror     at returnAndAddMetadata (/usr/share/npm/lib/fetch-package-metadata.js:117:7)
712 error typeerror     at pickVersionFromRegistryDocument (/usr/share/npm/lib/fetch-package-metadata.js:134:20)
712 error typeerror     at /usr/share/npm/node_modules/iferr/index.js:13:50
713 error typeerror This is an error with npm itself. Please report this error at:
713 error typeerror     <http://github.com/npm/npm/issues>
714 verbose exit [ 1, true ]
